语法

    0 $accept: line_list $end

    1 line_list: line
    2          | line_list line

    3 line: expression CR
    4     | error CR

    5 expression: term
    6           | expression ADD term
    7           | expression SUB term

    8 term: primary_expression
    9     | term MUL primary_expression
   10     | term DIV primary_expression

   11 primary_expression: DOUBLE_LITERAL


终结语词，附有它们出现处的规则

    $end (0) 0
    error (256) 4
    DOUBLE_LITERAL <double_value> (258) 11
    ADD (259) 6
    SUB (260) 7
    MUL (261) 9
    DIV (262) 10
    CR (263) 3 4


非终结语词，附有它们出现处的规则

    $accept (9)
        on left: 0
    line_list (10)
        on left: 1 2
        on right: 0 2
    line (11)
        on left: 3 4
        on right: 1 2
    expression <double_value> (12)
        on left: 5 6 7
        on right: 3 6 7
    term <double_value> (13)
        on left: 8 9 10
        on right: 5 6 7 9 10
    primary_expression <double_value> (14)
        on left: 11
        on right: 8 9 10


状态 0

    0 $accept: . line_list $end

    error           偏移，并进入状态 1
    DOUBLE_LITERAL  偏移，并进入状态 2

    line_list           转到状态 3
    line                转到状态 4
    expression          转到状态 5
    term                转到状态 6
    primary_expression  转到状态 7


状态 1

    4 line: error . CR

    CR  偏移，并进入状态 8


状态 2

   11 primary_expression: DOUBLE_LITERAL .

    $default  使用规则 11 以归约 (primary_expression)


状态 3

    0 $accept: line_list . $end
    2 line_list: line_list . line

    $end            偏移，并进入状态 9
    error           偏移，并进入状态 1
    DOUBLE_LITERAL  偏移，并进入状态 2

    line                转到状态 10
    expression          转到状态 5
    term                转到状态 6
    primary_expression  转到状态 7


状态 4

    1 line_list: line .

    $default  使用规则 1 以归约 (line_list)


状态 5

    3 line: expression . CR
    6 expression: expression . ADD term
    7           | expression . SUB term

    ADD  偏移，并进入状态 11
    SUB  偏移，并进入状态 12
    CR   偏移，并进入状态 13


状态 6

    5 expression: term .
    9 term: term . MUL primary_expression
   10     | term . DIV primary_expression

    MUL  偏移，并进入状态 14
    DIV  偏移，并进入状态 15

    $default  使用规则 5 以归约 (expression)


状态 7

    8 term: primary_expression .

    $default  使用规则 8 以归约 (term)


状态 8

    4 line: error CR .

    $default  使用规则 4 以归约 (line)


状态 9

    0 $accept: line_list $end .

    $default  接受


状态 10

    2 line_list: line_list line .

    $default  使用规则 2 以归约 (line_list)


状态 11

    6 expression: expression ADD . term

    DOUBLE_LITERAL  偏移，并进入状态 2

    term                转到状态 16
    primary_expression  转到状态 7


状态 12

    7 expression: expression SUB . term

    DOUBLE_LITERAL  偏移，并进入状态 2

    term                转到状态 17
    primary_expression  转到状态 7


状态 13

    3 line: expression CR .

    $default  使用规则 3 以归约 (line)


状态 14

    9 term: term MUL . primary_expression

    DOUBLE_LITERAL  偏移，并进入状态 2

    primary_expression  转到状态 18


状态 15

   10 term: term DIV . primary_expression

    DOUBLE_LITERAL  偏移，并进入状态 2

    primary_expression  转到状态 19


状态 16

    6 expression: expression ADD term .
    9 term: term . MUL primary_expression
   10     | term . DIV primary_expression

    MUL  偏移，并进入状态 14
    DIV  偏移，并进入状态 15

    $default  使用规则 6 以归约 (expression)


状态 17

    7 expression: expression SUB term .
    9 term: term . MUL primary_expression
   10     | term . DIV primary_expression

    MUL  偏移，并进入状态 14
    DIV  偏移，并进入状态 15

    $default  使用规则 7 以归约 (expression)


状态 18

    9 term: term MUL primary_expression .

    $default  使用规则 9 以归约 (term)


状态 19

   10 term: term DIV primary_expression .

    $default  使用规则 10 以归约 (term)
