语法

    0 $accept: translation_unit $end

    1 translation_unit: definition_or_statement
    2                 | translation_unit definition_or_statement

    3 definition_or_statement: function_definition
    4                        | statement

    5 function_definition: FUNCTION IDENTIFIER LP parameter_list RP block
    6                    | FUNCTION IDENTIFIER LP RP block

    7 parameter_list: IDENTIFIER
    8               | parameter_list COMMA IDENTIFIER

    9 argument_list: expression
   10              | argument_list COMMA expression

   11 statement_list: statement
   12               | statement_list statement

   13 expression: logical_or_expression
   14           | IDENTIFIER ASSIGN expression

   15 logical_or_expression: logical_and_expression
   16                      | logical_or_expression LOGICAL_OR logical_and_expression

   17 logical_and_expression: equality_expression
   18                       | logical_and_expression LOGICAL_AND equality_expression

   19 equality_expression: relational_expression
   20                    | equality_expression EQ relational_expression
   21                    | equality_expression NE relational_expression

   22 relational_expression: additive_expression
   23                      | relational_expression GT additive_expression
   24                      | relational_expression GE additive_expression
   25                      | relational_expression LT additive_expression
   26                      | relational_expression LE additive_expression

   27 additive_expression: multiplicative_expression
   28                    | additive_expression ADD multiplicative_expression
   29                    | additive_expression SUB multiplicative_expression

   30 multiplicative_expression: unary_expression
   31                          | multiplicative_expression MUL unary_expression
   32                          | multiplicative_expression DIV unary_expression
   33                          | multiplicative_expression MOD unary_expression

   34 unary_expression: primary_expression
   35                 | SUB unary_expression

   36 primary_expression: IDENTIFIER LP argument_list RP
   37                   | IDENTIFIER LP RP
   38                   | LP expression RP
   39                   | IDENTIFIER
   40                   | INT_LITERAL
   41                   | DOUBLE_LITERAL
   42                   | STRING_LITERAL
   43                   | TRUE_T
   44                   | FALSE_T
   45                   | NULL_T

   46 statement: expression SEMICOLON
   47          | global_statement
   48          | if_statement
   49          | while_statement
   50          | for_statement
   51          | return_statement
   52          | break_statement
   53          | continue_statement

   54 global_statement: GLOBAL_T identifier_list SEMICOLON

   55 identifier_list: IDENTIFIER
   56                | identifier_list COMMA IDENTIFIER

   57 if_statement: IF LP expression RP block
   58             | IF LP expression RP block ELSE block
   59             | IF LP expression RP block elsif_list
   60             | IF LP expression RP block elsif_list ELSE block

   61 elsif_list: elsif
   62           | elsif_list elsif

   63 elsif: ELSIF LP expression RP block

   64 while_statement: WHILE LP expression RP block

   65 for_statement: FOR LP expression_opt SEMICOLON expression_opt SEMICOLON expression_opt RP block

   66 expression_opt: %empty
   67               | expression

   68 return_statement: RETURN_T expression_opt SEMICOLON

   69 break_statement: BREAK SEMICOLON

   70 continue_statement: CONTINUE SEMICOLON

   71 block: LC statement_list RC
   72      | LC RC


终结语词，附有它们出现处的规则

    $end (0) 0
    error (256)
    INT_LITERAL <expression> (258) 40
    DOUBLE_LITERAL <expression> (259) 41
    STRING_LITERAL <expression> (260) 42
    IDENTIFIER <identifier> (261) 5 6 7 8 14 36 37 39 55 56
    FUNCTION (262) 5 6
    IF (263) 57 58 59 60
    ELSE (264) 58 60
    ELSIF (265) 63
    WHILE (266) 64
    FOR (267) 65
    RETURN_T (268) 68
    BREAK (269) 69
    CONTINUE (270) 70
    NULL_T (271) 45
    LP (272) 5 6 36 37 38 57 58 59 60 63 64 65
    RP (273) 5 6 36 37 38 57 58 59 60 63 64 65
    LC (274) 71 72
    RC (275) 71 72
    SEMICOLON (276) 46 54 65 68 69 70
    COMMA (277) 8 10 56
    ASSIGN (278) 14
    LOGICAL_AND (279) 18
    LOGICAL_OR (280) 16
    EQ (281) 20
    NE (282) 21
    GT (283) 23
    GE (284) 24
    LT (285) 25
    LE (286) 26
    ADD (287) 28
    SUB (288) 29 35
    MUL (289) 31
    DIV (290) 32
    MOD (291) 33
    TRUE_T (292) 43
    FALSE_T (293) 44
    GLOBAL_T (294) 54


非终结语词，附有它们出现处的规则

    $accept (40)
        on left: 0
    translation_unit (41)
        on left: 1 2
        on right: 0 2
    definition_or_statement (42)
        on left: 3 4
        on right: 1 2
    function_definition (43)
        on left: 5 6
        on right: 3
    parameter_list <parameter_list> (44)
        on left: 7 8
        on right: 5 8
    argument_list <argument_list> (45)
        on left: 9 10
        on right: 10 36
    statement_list <statement_list> (46)
        on left: 11 12
        on right: 12 71
    expression <expression> (47)
        on left: 13 14
        on right: 9 10 14 38 46 57 58 59 60 63 64 67
    logical_or_expression <expression> (48)
        on left: 15 16
        on right: 13 16
    logical_and_expression <expression> (49)
        on left: 17 18
        on right: 15 16 18
    equality_expression <expression> (50)
        on left: 19 20 21
        on right: 17 18 20 21
    relational_expression <expression> (51)
        on left: 22 23 24 25 26
        on right: 19 20 21 23 24 25 26
    additive_expression <expression> (52)
        on left: 27 28 29
        on right: 22 23 24 25 26 28 29
    multiplicative_expression <expression> (53)
        on left: 30 31 32 33
        on right: 27 28 29 31 32 33
    unary_expression <expression> (54)
        on left: 34 35
        on right: 30 31 32 33 35
    primary_expression <expression> (55)
        on left: 36 37 38 39 40 41 42 43 44 45
        on right: 34
    statement <statement> (56)
        on left: 46 47 48 49 50 51 52 53
        on right: 4 11 12
    global_statement <statement> (57)
        on left: 54
        on right: 47
    identifier_list <identifier_list> (58)
        on left: 55 56
        on right: 54 56
    if_statement <statement> (59)
        on left: 57 58 59 60
        on right: 48
    elsif_list <elsif> (60)
        on left: 61 62
        on right: 59 60 62
    elsif <elsif> (61)
        on left: 63
        on right: 61 62
    while_statement <statement> (62)
        on left: 64
        on right: 49
    for_statement <statement> (63)
        on left: 65
        on right: 50
    expression_opt <expression> (64)
        on left: 66 67
        on right: 65 68
    return_statement <statement> (65)
        on left: 68
        on right: 51
    break_statement <statement> (66)
        on left: 69
        on right: 52
    continue_statement <statement> (67)
        on left: 70
        on right: 53
    block <block> (68)
        on left: 71 72
        on right: 5 6 57 58 59 60 63 64 65


状态 0

    0 $accept: . translation_unit $end

    INT_LITERAL     偏移，并进入状态 1
    DOUBLE_LITERAL  偏移，并进入状态 2
    STRING_LITERAL  偏移，并进入状态 3
    IDENTIFIER      偏移，并进入状态 4
    FUNCTION        偏移，并进入状态 5
    IF              偏移，并进入状态 6
    WHILE           偏移，并进入状态 7
    FOR             偏移，并进入状态 8
    RETURN_T        偏移，并进入状态 9
    BREAK           偏移，并进入状态 10
    CONTINUE        偏移，并进入状态 11
    NULL_T          偏移，并进入状态 12
    LP              偏移，并进入状态 13
    SUB             偏移，并进入状态 14
    TRUE_T          偏移，并进入状态 15
    FALSE_T         偏移，并进入状态 16
    GLOBAL_T        偏移，并进入状态 17

    translation_unit           转到状态 18
    definition_or_statement    转到状态 19
    function_definition        转到状态 20
    expression                 转到状态 21
    logical_or_expression      转到状态 22
    logical_and_expression     转到状态 23
    equality_expression        转到状态 24
    relational_expression      转到状态 25
    additive_expression        转到状态 26
    multiplicative_expression  转到状态 27
    unary_expression           转到状态 28
    primary_expression         转到状态 29
    statement                  转到状态 30
    global_statement           转到状态 31
    if_statement               转到状态 32
    while_statement            转到状态 33
    for_statement              转到状态 34
    return_statement           转到状态 35
    break_statement            转到状态 36
    continue_statement         转到状态 37


状态 1

   40 primary_expression: INT_LITERAL .

    $default  使用规则 40 以归约 (primary_expression)


状态 2

   41 primary_expression: DOUBLE_LITERAL .

    $default  使用规则 41 以归约 (primary_expression)


状态 3

   42 primary_expression: STRING_LITERAL .

    $default  使用规则 42 以归约 (primary_expression)


状态 4

   14 expression: IDENTIFIER . ASSIGN expression
   36 primary_expression: IDENTIFIER . LP argument_list RP
   37                   | IDENTIFIER . LP RP
   39                   | IDENTIFIER .

    LP      偏移，并进入状态 38
    ASSIGN  偏移，并进入状态 39

    $default  使用规则 39 以归约 (primary_expression)


状态 5

    5 function_definition: FUNCTION . IDENTIFIER LP parameter_list RP block
    6                    | FUNCTION . IDENTIFIER LP RP block

    IDENTIFIER  偏移，并进入状态 40


状态 6

   57 if_statement: IF . LP expression RP block
   58             | IF . LP expression RP block ELSE block
   59             | IF . LP expression RP block elsif_list
   60             | IF . LP expression RP block elsif_list ELSE block

    LP  偏移，并进入状态 41


状态 7

   64 while_statement: WHILE . LP expression RP block

    LP  偏移，并进入状态 42


状态 8

   65 for_statement: FOR . LP expression_opt SEMICOLON expression_opt SEMICOLON expression_opt RP block

    LP  偏移，并进入状态 43


状态 9

   68 return_statement: RETURN_T . expression_opt SEMICOLON

    INT_LITERAL     偏移，并进入状态 1
    DOUBLE_LITERAL  偏移，并进入状态 2
    STRING_LITERAL  偏移，并进入状态 3
    IDENTIFIER      偏移，并进入状态 4
    NULL_T          偏移，并进入状态 12
    LP              偏移，并进入状态 13
    SUB             偏移，并进入状态 14
    TRUE_T          偏移，并进入状态 15
    FALSE_T         偏移，并进入状态 16

    $default  使用规则 66 以归约 (expression_opt)

    expression                 转到状态 44
    logical_or_expression      转到状态 22
    logical_and_expression     转到状态 23
    equality_expression        转到状态 24
    relational_expression      转到状态 25
    additive_expression        转到状态 26
    multiplicative_expression  转到状态 27
    unary_expression           转到状态 28
    primary_expression         转到状态 29
    expression_opt             转到状态 45


状态 10

   69 break_statement: BREAK . SEMICOLON

    SEMICOLON  偏移，并进入状态 46


状态 11

   70 continue_statement: CONTINUE . SEMICOLON

    SEMICOLON  偏移，并进入状态 47


状态 12

   45 primary_expression: NULL_T .

    $default  使用规则 45 以归约 (primary_expression)


状态 13

   38 primary_expression: LP . expression RP

    INT_LITERAL     偏移，并进入状态 1
    DOUBLE_LITERAL  偏移，并进入状态 2
    STRING_LITERAL  偏移，并进入状态 3
    IDENTIFIER      偏移，并进入状态 4
    NULL_T          偏移，并进入状态 12
    LP              偏移，并进入状态 13
    SUB             偏移，并进入状态 14
    TRUE_T          偏移，并进入状态 15
    FALSE_T         偏移，并进入状态 16

    expression                 转到状态 48
    logical_or_expression      转到状态 22
    logical_and_expression     转到状态 23
    equality_expression        转到状态 24
    relational_expression      转到状态 25
    additive_expression        转到状态 26
    multiplicative_expression  转到状态 27
    unary_expression           转到状态 28
    primary_expression         转到状态 29


状态 14

   35 unary_expression: SUB . unary_expression

    INT_LITERAL     偏移，并进入状态 1
    DOUBLE_LITERAL  偏移，并进入状态 2
    STRING_LITERAL  偏移，并进入状态 3
    IDENTIFIER      偏移，并进入状态 49
    NULL_T          偏移，并进入状态 12
    LP              偏移，并进入状态 13
    SUB             偏移，并进入状态 14
    TRUE_T          偏移，并进入状态 15
    FALSE_T         偏移，并进入状态 16

    unary_expression    转到状态 50
    primary_expression  转到状态 29


状态 15

   43 primary_expression: TRUE_T .

    $default  使用规则 43 以归约 (primary_expression)


状态 16

   44 primary_expression: FALSE_T .

    $default  使用规则 44 以归约 (primary_expression)


状态 17

   54 global_statement: GLOBAL_T . identifier_list SEMICOLON

    IDENTIFIER  偏移，并进入状态 51

    identifier_list  转到状态 52


状态 18

    0 $accept: translation_unit . $end
    2 translation_unit: translation_unit . definition_or_statement

    $end            偏移，并进入状态 53
    INT_LITERAL     偏移，并进入状态 1
    DOUBLE_LITERAL  偏移，并进入状态 2
    STRING_LITERAL  偏移，并进入状态 3
    IDENTIFIER      偏移，并进入状态 4
    FUNCTION        偏移，并进入状态 5
    IF              偏移，并进入状态 6
    WHILE           偏移，并进入状态 7
    FOR             偏移，并进入状态 8
    RETURN_T        偏移，并进入状态 9
    BREAK           偏移，并进入状态 10
    CONTINUE        偏移，并进入状态 11
    NULL_T          偏移，并进入状态 12
    LP              偏移，并进入状态 13
    SUB             偏移，并进入状态 14
    TRUE_T          偏移，并进入状态 15
    FALSE_T         偏移，并进入状态 16
    GLOBAL_T        偏移，并进入状态 17

    definition_or_statement    转到状态 54
    function_definition        转到状态 20
    expression                 转到状态 21
    logical_or_expression      转到状态 22
    logical_and_expression     转到状态 23
    equality_expression        转到状态 24
    relational_expression      转到状态 25
    additive_expression        转到状态 26
    multiplicative_expression  转到状态 27
    unary_expression           转到状态 28
    primary_expression         转到状态 29
    statement                  转到状态 30
    global_statement           转到状态 31
    if_statement               转到状态 32
    while_statement            转到状态 33
    for_statement              转到状态 34
    return_statement           转到状态 35
    break_statement            转到状态 36
    continue_statement         转到状态 37


状态 19

    1 translation_unit: definition_or_statement .

    $default  使用规则 1 以归约 (translation_unit)


状态 20

    3 definition_or_statement: function_definition .

    $default  使用规则 3 以归约 (definition_or_statement)


状态 21

   46 statement: expression . SEMICOLON

    SEMICOLON  偏移，并进入状态 55


状态 22

   13 expression: logical_or_expression .
   16 logical_or_expression: logical_or_expression . LOGICAL_OR logical_and_expression

    LOGICAL_OR  偏移，并进入状态 56

    $default  使用规则 13 以归约 (expression)


状态 23

   15 logical_or_expression: logical_and_expression .
   18 logical_and_expression: logical_and_expression . LOGICAL_AND equality_expression

    LOGICAL_AND  偏移，并进入状态 57

    $default  使用规则 15 以归约 (logical_or_expression)


状态 24

   17 logical_and_expression: equality_expression .
   20 equality_expression: equality_expression . EQ relational_expression
   21                    | equality_expression . NE relational_expression

    EQ  偏移，并进入状态 58
    NE  偏移，并进入状态 59

    $default  使用规则 17 以归约 (logical_and_expression)


状态 25

   19 equality_expression: relational_expression .
   23 relational_expression: relational_expression . GT additive_expression
   24                      | relational_expression . GE additive_expression
   25                      | relational_expression . LT additive_expression
   26                      | relational_expression . LE additive_expression

    GT  偏移，并进入状态 60
    GE  偏移，并进入状态 61
    LT  偏移，并进入状态 62
    LE  偏移，并进入状态 63

    $default  使用规则 19 以归约 (equality_expression)


状态 26

   22 relational_expression: additive_expression .
   28 additive_expression: additive_expression . ADD multiplicative_expression
   29                    | additive_expression . SUB multiplicative_expression

    ADD  偏移，并进入状态 64
    SUB  偏移，并进入状态 65

    $default  使用规则 22 以归约 (relational_expression)


状态 27

   27 additive_expression: multiplicative_expression .
   31 multiplicative_expression: multiplicative_expression . MUL unary_expression
   32                          | multiplicative_expression . DIV unary_expression
   33                          | multiplicative_expression . MOD unary_expression

    MUL  偏移，并进入状态 66
    DIV  偏移，并进入状态 67
    MOD  偏移，并进入状态 68

    $default  使用规则 27 以归约 (additive_expression)


状态 28

   30 multiplicative_expression: unary_expression .

    $default  使用规则 30 以归约 (multiplicative_expression)


状态 29

   34 unary_expression: primary_expression .

    $default  使用规则 34 以归约 (unary_expression)


状态 30

    4 definition_or_statement: statement .

    $default  使用规则 4 以归约 (definition_or_statement)


状态 31

   47 statement: global_statement .

    $default  使用规则 47 以归约 (statement)


状态 32

   48 statement: if_statement .

    $default  使用规则 48 以归约 (statement)


状态 33

   49 statement: while_statement .

    $default  使用规则 49 以归约 (statement)


状态 34

   50 statement: for_statement .

    $default  使用规则 50 以归约 (statement)


状态 35

   51 statement: return_statement .

    $default  使用规则 51 以归约 (statement)


状态 36

   52 statement: break_statement .

    $default  使用规则 52 以归约 (statement)


状态 37

   53 statement: continue_statement .

    $default  使用规则 53 以归约 (statement)


状态 38

   36 primary_expression: IDENTIFIER LP . argument_list RP
   37                   | IDENTIFIER LP . RP

    INT_LITERAL     偏移，并进入状态 1
    DOUBLE_LITERAL  偏移，并进入状态 2
    STRING_LITERAL  偏移，并进入状态 3
    IDENTIFIER      偏移，并进入状态 4
    NULL_T          偏移，并进入状态 12
    LP              偏移，并进入状态 13
    RP              偏移，并进入状态 69
    SUB             偏移，并进入状态 14
    TRUE_T          偏移，并进入状态 15
    FALSE_T         偏移，并进入状态 16

    argument_list              转到状态 70
    expression                 转到状态 71
    logical_or_expression      转到状态 22
    logical_and_expression     转到状态 23
    equality_expression        转到状态 24
    relational_expression      转到状态 25
    additive_expression        转到状态 26
    multiplicative_expression  转到状态 27
    unary_expression           转到状态 28
    primary_expression         转到状态 29


状态 39

   14 expression: IDENTIFIER ASSIGN . expression

    INT_LITERAL     偏移，并进入状态 1
    DOUBLE_LITERAL  偏移，并进入状态 2
    STRING_LITERAL  偏移，并进入状态 3
    IDENTIFIER      偏移，并进入状态 4
    NULL_T          偏移，并进入状态 12
    LP              偏移，并进入状态 13
    SUB             偏移，并进入状态 14
    TRUE_T          偏移，并进入状态 15
    FALSE_T         偏移，并进入状态 16

    expression                 转到状态 72
    logical_or_expression      转到状态 22
    logical_and_expression     转到状态 23
    equality_expression        转到状态 24
    relational_expression      转到状态 25
    additive_expression        转到状态 26
    multiplicative_expression  转到状态 27
    unary_expression           转到状态 28
    primary_expression         转到状态 29


状态 40

    5 function_definition: FUNCTION IDENTIFIER . LP parameter_list RP block
    6                    | FUNCTION IDENTIFIER . LP RP block

    LP  偏移，并进入状态 73


状态 41

   57 if_statement: IF LP . expression RP block
   58             | IF LP . expression RP block ELSE block
   59             | IF LP . expression RP block elsif_list
   60             | IF LP . expression RP block elsif_list ELSE block

    INT_LITERAL     偏移，并进入状态 1
    DOUBLE_LITERAL  偏移，并进入状态 2
    STRING_LITERAL  偏移，并进入状态 3
    IDENTIFIER      偏移，并进入状态 4
    NULL_T          偏移，并进入状态 12
    LP              偏移，并进入状态 13
    SUB             偏移，并进入状态 14
    TRUE_T          偏移，并进入状态 15
    FALSE_T         偏移，并进入状态 16

    expression                 转到状态 74
    logical_or_expression      转到状态 22
    logical_and_expression     转到状态 23
    equality_expression        转到状态 24
    relational_expression      转到状态 25
    additive_expression        转到状态 26
    multiplicative_expression  转到状态 27
    unary_expression           转到状态 28
    primary_expression         转到状态 29


状态 42

   64 while_statement: WHILE LP . expression RP block

    INT_LITERAL     偏移，并进入状态 1
    DOUBLE_LITERAL  偏移，并进入状态 2
    STRING_LITERAL  偏移，并进入状态 3
    IDENTIFIER      偏移，并进入状态 4
    NULL_T          偏移，并进入状态 12
    LP              偏移，并进入状态 13
    SUB             偏移，并进入状态 14
    TRUE_T          偏移，并进入状态 15
    FALSE_T         偏移，并进入状态 16

    expression                 转到状态 75
    logical_or_expression      转到状态 22
    logical_and_expression     转到状态 23
    equality_expression        转到状态 24
    relational_expression      转到状态 25
    additive_expression        转到状态 26
    multiplicative_expression  转到状态 27
    unary_expression           转到状态 28
    primary_expression         转到状态 29


状态 43

   65 for_statement: FOR LP . expression_opt SEMICOLON expression_opt SEMICOLON expression_opt RP block

    INT_LITERAL     偏移，并进入状态 1
    DOUBLE_LITERAL  偏移，并进入状态 2
    STRING_LITERAL  偏移，并进入状态 3
    IDENTIFIER      偏移，并进入状态 4
    NULL_T          偏移，并进入状态 12
    LP              偏移，并进入状态 13
    SUB             偏移，并进入状态 14
    TRUE_T          偏移，并进入状态 15
    FALSE_T         偏移，并进入状态 16

    $default  使用规则 66 以归约 (expression_opt)

    expression                 转到状态 44
    logical_or_expression      转到状态 22
    logical_and_expression     转到状态 23
    equality_expression        转到状态 24
    relational_expression      转到状态 25
    additive_expression        转到状态 26
    multiplicative_expression  转到状态 27
    unary_expression           转到状态 28
    primary_expression         转到状态 29
    expression_opt             转到状态 76


状态 44

   67 expression_opt: expression .

    $default  使用规则 67 以归约 (expression_opt)


状态 45

   68 return_statement: RETURN_T expression_opt . SEMICOLON

    SEMICOLON  偏移，并进入状态 77


状态 46

   69 break_statement: BREAK SEMICOLON .

    $default  使用规则 69 以归约 (break_statement)


状态 47

   70 continue_statement: CONTINUE SEMICOLON .

    $default  使用规则 70 以归约 (continue_statement)


状态 48

   38 primary_expression: LP expression . RP

    RP  偏移，并进入状态 78


状态 49

   36 primary_expression: IDENTIFIER . LP argument_list RP
   37                   | IDENTIFIER . LP RP
   39                   | IDENTIFIER .

    LP  偏移，并进入状态 38

    $default  使用规则 39 以归约 (primary_expression)


状态 50

   35 unary_expression: SUB unary_expression .

    $default  使用规则 35 以归约 (unary_expression)


状态 51

   55 identifier_list: IDENTIFIER .

    $default  使用规则 55 以归约 (identifier_list)


状态 52

   54 global_statement: GLOBAL_T identifier_list . SEMICOLON
   56 identifier_list: identifier_list . COMMA IDENTIFIER

    SEMICOLON  偏移，并进入状态 79
    COMMA      偏移，并进入状态 80


状态 53

    0 $accept: translation_unit $end .

    $default  接受


状态 54

    2 translation_unit: translation_unit definition_or_statement .

    $default  使用规则 2 以归约 (translation_unit)


状态 55

   46 statement: expression SEMICOLON .

    $default  使用规则 46 以归约 (statement)


状态 56

   16 logical_or_expression: logical_or_expression LOGICAL_OR . logical_and_expression

    INT_LITERAL     偏移，并进入状态 1
    DOUBLE_LITERAL  偏移，并进入状态 2
    STRING_LITERAL  偏移，并进入状态 3
    IDENTIFIER      偏移，并进入状态 49
    NULL_T          偏移，并进入状态 12
    LP              偏移，并进入状态 13
    SUB             偏移，并进入状态 14
    TRUE_T          偏移，并进入状态 15
    FALSE_T         偏移，并进入状态 16

    logical_and_expression     转到状态 81
    equality_expression        转到状态 24
    relational_expression      转到状态 25
    additive_expression        转到状态 26
    multiplicative_expression  转到状态 27
    unary_expression           转到状态 28
    primary_expression         转到状态 29


状态 57

   18 logical_and_expression: logical_and_expression LOGICAL_AND . equality_expression

    INT_LITERAL     偏移，并进入状态 1
    DOUBLE_LITERAL  偏移，并进入状态 2
    STRING_LITERAL  偏移，并进入状态 3
    IDENTIFIER      偏移，并进入状态 49
    NULL_T          偏移，并进入状态 12
    LP              偏移，并进入状态 13
    SUB             偏移，并进入状态 14
    TRUE_T          偏移，并进入状态 15
    FALSE_T         偏移，并进入状态 16

    equality_expression        转到状态 82
    relational_expression      转到状态 25
    additive_expression        转到状态 26
    multiplicative_expression  转到状态 27
    unary_expression           转到状态 28
    primary_expression         转到状态 29


状态 58

   20 equality_expression: equality_expression EQ . relational_expression

    INT_LITERAL     偏移，并进入状态 1
    DOUBLE_LITERAL  偏移，并进入状态 2
    STRING_LITERAL  偏移，并进入状态 3
    IDENTIFIER      偏移，并进入状态 49
    NULL_T          偏移，并进入状态 12
    LP              偏移，并进入状态 13
    SUB             偏移，并进入状态 14
    TRUE_T          偏移，并进入状态 15
    FALSE_T         偏移，并进入状态 16

    relational_expression      转到状态 83
    additive_expression        转到状态 26
    multiplicative_expression  转到状态 27
    unary_expression           转到状态 28
    primary_expression         转到状态 29


状态 59

   21 equality_expression: equality_expression NE . relational_expression

    INT_LITERAL     偏移，并进入状态 1
    DOUBLE_LITERAL  偏移，并进入状态 2
    STRING_LITERAL  偏移，并进入状态 3
    IDENTIFIER      偏移，并进入状态 49
    NULL_T          偏移，并进入状态 12
    LP              偏移，并进入状态 13
    SUB             偏移，并进入状态 14
    TRUE_T          偏移，并进入状态 15
    FALSE_T         偏移，并进入状态 16

    relational_expression      转到状态 84
    additive_expression        转到状态 26
    multiplicative_expression  转到状态 27
    unary_expression           转到状态 28
    primary_expression         转到状态 29


状态 60

   23 relational_expression: relational_expression GT . additive_expression

    INT_LITERAL     偏移，并进入状态 1
    DOUBLE_LITERAL  偏移，并进入状态 2
    STRING_LITERAL  偏移，并进入状态 3
    IDENTIFIER      偏移，并进入状态 49
    NULL_T          偏移，并进入状态 12
    LP              偏移，并进入状态 13
    SUB             偏移，并进入状态 14
    TRUE_T          偏移，并进入状态 15
    FALSE_T         偏移，并进入状态 16

    additive_expression        转到状态 85
    multiplicative_expression  转到状态 27
    unary_expression           转到状态 28
    primary_expression         转到状态 29


状态 61

   24 relational_expression: relational_expression GE . additive_expression

    INT_LITERAL     偏移，并进入状态 1
    DOUBLE_LITERAL  偏移，并进入状态 2
    STRING_LITERAL  偏移，并进入状态 3
    IDENTIFIER      偏移，并进入状态 49
    NULL_T          偏移，并进入状态 12
    LP              偏移，并进入状态 13
    SUB             偏移，并进入状态 14
    TRUE_T          偏移，并进入状态 15
    FALSE_T         偏移，并进入状态 16

    additive_expression        转到状态 86
    multiplicative_expression  转到状态 27
    unary_expression           转到状态 28
    primary_expression         转到状态 29


状态 62

   25 relational_expression: relational_expression LT . additive_expression

    INT_LITERAL     偏移，并进入状态 1
    DOUBLE_LITERAL  偏移，并进入状态 2
    STRING_LITERAL  偏移，并进入状态 3
    IDENTIFIER      偏移，并进入状态 49
    NULL_T          偏移，并进入状态 12
    LP              偏移，并进入状态 13
    SUB             偏移，并进入状态 14
    TRUE_T          偏移，并进入状态 15
    FALSE_T         偏移，并进入状态 16

    additive_expression        转到状态 87
    multiplicative_expression  转到状态 27
    unary_expression           转到状态 28
    primary_expression         转到状态 29


状态 63

   26 relational_expression: relational_expression LE . additive_expression

    INT_LITERAL     偏移，并进入状态 1
    DOUBLE_LITERAL  偏移，并进入状态 2
    STRING_LITERAL  偏移，并进入状态 3
    IDENTIFIER      偏移，并进入状态 49
    NULL_T          偏移，并进入状态 12
    LP              偏移，并进入状态 13
    SUB             偏移，并进入状态 14
    TRUE_T          偏移，并进入状态 15
    FALSE_T         偏移，并进入状态 16

    additive_expression        转到状态 88
    multiplicative_expression  转到状态 27
    unary_expression           转到状态 28
    primary_expression         转到状态 29


状态 64

   28 additive_expression: additive_expression ADD . multiplicative_expression

    INT_LITERAL     偏移，并进入状态 1
    DOUBLE_LITERAL  偏移，并进入状态 2
    STRING_LITERAL  偏移，并进入状态 3
    IDENTIFIER      偏移，并进入状态 49
    NULL_T          偏移，并进入状态 12
    LP              偏移，并进入状态 13
    SUB             偏移，并进入状态 14
    TRUE_T          偏移，并进入状态 15
    FALSE_T         偏移，并进入状态 16

    multiplicative_expression  转到状态 89
    unary_expression           转到状态 28
    primary_expression         转到状态 29


状态 65

   29 additive_expression: additive_expression SUB . multiplicative_expression

    INT_LITERAL     偏移，并进入状态 1
    DOUBLE_LITERAL  偏移，并进入状态 2
    STRING_LITERAL  偏移，并进入状态 3
    IDENTIFIER      偏移，并进入状态 49
    NULL_T          偏移，并进入状态 12
    LP              偏移，并进入状态 13
    SUB             偏移，并进入状态 14
    TRUE_T          偏移，并进入状态 15
    FALSE_T         偏移，并进入状态 16

    multiplicative_expression  转到状态 90
    unary_expression           转到状态 28
    primary_expression         转到状态 29


状态 66

   31 multiplicative_expression: multiplicative_expression MUL . unary_expression

    INT_LITERAL     偏移，并进入状态 1
    DOUBLE_LITERAL  偏移，并进入状态 2
    STRING_LITERAL  偏移，并进入状态 3
    IDENTIFIER      偏移，并进入状态 49
    NULL_T          偏移，并进入状态 12
    LP              偏移，并进入状态 13
    SUB             偏移，并进入状态 14
    TRUE_T          偏移，并进入状态 15
    FALSE_T         偏移，并进入状态 16

    unary_expression    转到状态 91
    primary_expression  转到状态 29


状态 67

   32 multiplicative_expression: multiplicative_expression DIV . unary_expression

    INT_LITERAL     偏移，并进入状态 1
    DOUBLE_LITERAL  偏移，并进入状态 2
    STRING_LITERAL  偏移，并进入状态 3
    IDENTIFIER      偏移，并进入状态 49
    NULL_T          偏移，并进入状态 12
    LP              偏移，并进入状态 13
    SUB             偏移，并进入状态 14
    TRUE_T          偏移，并进入状态 15
    FALSE_T         偏移，并进入状态 16

    unary_expression    转到状态 92
    primary_expression  转到状态 29


状态 68

   33 multiplicative_expression: multiplicative_expression MOD . unary_expression

    INT_LITERAL     偏移，并进入状态 1
    DOUBLE_LITERAL  偏移，并进入状态 2
    STRING_LITERAL  偏移，并进入状态 3
    IDENTIFIER      偏移，并进入状态 49
    NULL_T          偏移，并进入状态 12
    LP              偏移，并进入状态 13
    SUB             偏移，并进入状态 14
    TRUE_T          偏移，并进入状态 15
    FALSE_T         偏移，并进入状态 16

    unary_expression    转到状态 93
    primary_expression  转到状态 29


状态 69

   37 primary_expression: IDENTIFIER LP RP .

    $default  使用规则 37 以归约 (primary_expression)


状态 70

   10 argument_list: argument_list . COMMA expression
   36 primary_expression: IDENTIFIER LP argument_list . RP

    RP     偏移，并进入状态 94
    COMMA  偏移，并进入状态 95


状态 71

    9 argument_list: expression .

    $default  使用规则 9 以归约 (argument_list)


状态 72

   14 expression: IDENTIFIER ASSIGN expression .

    $default  使用规则 14 以归约 (expression)


状态 73

    5 function_definition: FUNCTION IDENTIFIER LP . parameter_list RP block
    6                    | FUNCTION IDENTIFIER LP . RP block

    IDENTIFIER  偏移，并进入状态 96
    RP          偏移，并进入状态 97

    parameter_list  转到状态 98


状态 74

   57 if_statement: IF LP expression . RP block
   58             | IF LP expression . RP block ELSE block
   59             | IF LP expression . RP block elsif_list
   60             | IF LP expression . RP block elsif_list ELSE block

    RP  偏移，并进入状态 99


状态 75

   64 while_statement: WHILE LP expression . RP block

    RP  偏移，并进入状态 100


状态 76

   65 for_statement: FOR LP expression_opt . SEMICOLON expression_opt SEMICOLON expression_opt RP block

    SEMICOLON  偏移，并进入状态 101


状态 77

   68 return_statement: RETURN_T expression_opt SEMICOLON .

    $default  使用规则 68 以归约 (return_statement)


状态 78

   38 primary_expression: LP expression RP .

    $default  使用规则 38 以归约 (primary_expression)


状态 79

   54 global_statement: GLOBAL_T identifier_list SEMICOLON .

    $default  使用规则 54 以归约 (global_statement)


状态 80

   56 identifier_list: identifier_list COMMA . IDENTIFIER

    IDENTIFIER  偏移，并进入状态 102


状态 81

   16 logical_or_expression: logical_or_expression LOGICAL_OR logical_and_expression .
   18 logical_and_expression: logical_and_expression . LOGICAL_AND equality_expression

    LOGICAL_AND  偏移，并进入状态 57

    $default  使用规则 16 以归约 (logical_or_expression)


状态 82

   18 logical_and_expression: logical_and_expression LOGICAL_AND equality_expression .
   20 equality_expression: equality_expression . EQ relational_expression
   21                    | equality_expression . NE relational_expression

    EQ  偏移，并进入状态 58
    NE  偏移，并进入状态 59

    $default  使用规则 18 以归约 (logical_and_expression)


状态 83

   20 equality_expression: equality_expression EQ relational_expression .
   23 relational_expression: relational_expression . GT additive_expression
   24                      | relational_expression . GE additive_expression
   25                      | relational_expression . LT additive_expression
   26                      | relational_expression . LE additive_expression

    GT  偏移，并进入状态 60
    GE  偏移，并进入状态 61
    LT  偏移，并进入状态 62
    LE  偏移，并进入状态 63

    $default  使用规则 20 以归约 (equality_expression)


状态 84

   21 equality_expression: equality_expression NE relational_expression .
   23 relational_expression: relational_expression . GT additive_expression
   24                      | relational_expression . GE additive_expression
   25                      | relational_expression . LT additive_expression
   26                      | relational_expression . LE additive_expression

    GT  偏移，并进入状态 60
    GE  偏移，并进入状态 61
    LT  偏移，并进入状态 62
    LE  偏移，并进入状态 63

    $default  使用规则 21 以归约 (equality_expression)


状态 85

   23 relational_expression: relational_expression GT additive_expression .
   28 additive_expression: additive_expression . ADD multiplicative_expression
   29                    | additive_expression . SUB multiplicative_expression

    ADD  偏移，并进入状态 64
    SUB  偏移，并进入状态 65

    $default  使用规则 23 以归约 (relational_expression)


状态 86

   24 relational_expression: relational_expression GE additive_expression .
   28 additive_expression: additive_expression . ADD multiplicative_expression
   29                    | additive_expression . SUB multiplicative_expression

    ADD  偏移，并进入状态 64
    SUB  偏移，并进入状态 65

    $default  使用规则 24 以归约 (relational_expression)


状态 87

   25 relational_expression: relational_expression LT additive_expression .
   28 additive_expression: additive_expression . ADD multiplicative_expression
   29                    | additive_expression . SUB multiplicative_expression

    ADD  偏移，并进入状态 64
    SUB  偏移，并进入状态 65

    $default  使用规则 25 以归约 (relational_expression)


状态 88

   26 relational_expression: relational_expression LE additive_expression .
   28 additive_expression: additive_expression . ADD multiplicative_expression
   29                    | additive_expression . SUB multiplicative_expression

    ADD  偏移，并进入状态 64
    SUB  偏移，并进入状态 65

    $default  使用规则 26 以归约 (relational_expression)


状态 89

   28 additive_expression: additive_expression ADD multiplicative_expression .
   31 multiplicative_expression: multiplicative_expression . MUL unary_expression
   32                          | multiplicative_expression . DIV unary_expression
   33                          | multiplicative_expression . MOD unary_expression

    MUL  偏移，并进入状态 66
    DIV  偏移，并进入状态 67
    MOD  偏移，并进入状态 68

    $default  使用规则 28 以归约 (additive_expression)


状态 90

   29 additive_expression: additive_expression SUB multiplicative_expression .
   31 multiplicative_expression: multiplicative_expression . MUL unary_expression
   32                          | multiplicative_expression . DIV unary_expression
   33                          | multiplicative_expression . MOD unary_expression

    MUL  偏移，并进入状态 66
    DIV  偏移，并进入状态 67
    MOD  偏移，并进入状态 68

    $default  使用规则 29 以归约 (additive_expression)


状态 91

   31 multiplicative_expression: multiplicative_expression MUL unary_expression .

    $default  使用规则 31 以归约 (multiplicative_expression)


状态 92

   32 multiplicative_expression: multiplicative_expression DIV unary_expression .

    $default  使用规则 32 以归约 (multiplicative_expression)


状态 93

   33 multiplicative_expression: multiplicative_expression MOD unary_expression .

    $default  使用规则 33 以归约 (multiplicative_expression)


状态 94

   36 primary_expression: IDENTIFIER LP argument_list RP .

    $default  使用规则 36 以归约 (primary_expression)


状态 95

   10 argument_list: argument_list COMMA . expression

    INT_LITERAL     偏移，并进入状态 1
    DOUBLE_LITERAL  偏移，并进入状态 2
    STRING_LITERAL  偏移，并进入状态 3
    IDENTIFIER      偏移，并进入状态 4
    NULL_T          偏移，并进入状态 12
    LP              偏移，并进入状态 13
    SUB             偏移，并进入状态 14
    TRUE_T          偏移，并进入状态 15
    FALSE_T         偏移，并进入状态 16

    expression                 转到状态 103
    logical_or_expression      转到状态 22
    logical_and_expression     转到状态 23
    equality_expression        转到状态 24
    relational_expression      转到状态 25
    additive_expression        转到状态 26
    multiplicative_expression  转到状态 27
    unary_expression           转到状态 28
    primary_expression         转到状态 29


状态 96

    7 parameter_list: IDENTIFIER .

    $default  使用规则 7 以归约 (parameter_list)


状态 97

    6 function_definition: FUNCTION IDENTIFIER LP RP . block

    LC  偏移，并进入状态 104

    block  转到状态 105


状态 98

    5 function_definition: FUNCTION IDENTIFIER LP parameter_list . RP block
    8 parameter_list: parameter_list . COMMA IDENTIFIER

    RP     偏移，并进入状态 106
    COMMA  偏移，并进入状态 107


状态 99

   57 if_statement: IF LP expression RP . block
   58             | IF LP expression RP . block ELSE block
   59             | IF LP expression RP . block elsif_list
   60             | IF LP expression RP . block elsif_list ELSE block

    LC  偏移，并进入状态 104

    block  转到状态 108


状态 100

   64 while_statement: WHILE LP expression RP . block

    LC  偏移，并进入状态 104

    block  转到状态 109


状态 101

   65 for_statement: FOR LP expression_opt SEMICOLON . expression_opt SEMICOLON expression_opt RP block

    INT_LITERAL     偏移，并进入状态 1
    DOUBLE_LITERAL  偏移，并进入状态 2
    STRING_LITERAL  偏移，并进入状态 3
    IDENTIFIER      偏移，并进入状态 4
    NULL_T          偏移，并进入状态 12
    LP              偏移，并进入状态 13
    SUB             偏移，并进入状态 14
    TRUE_T          偏移，并进入状态 15
    FALSE_T         偏移，并进入状态 16

    $default  使用规则 66 以归约 (expression_opt)

    expression                 转到状态 44
    logical_or_expression      转到状态 22
    logical_and_expression     转到状态 23
    equality_expression        转到状态 24
    relational_expression      转到状态 25
    additive_expression        转到状态 26
    multiplicative_expression  转到状态 27
    unary_expression           转到状态 28
    primary_expression         转到状态 29
    expression_opt             转到状态 110


状态 102

   56 identifier_list: identifier_list COMMA IDENTIFIER .

    $default  使用规则 56 以归约 (identifier_list)


状态 103

   10 argument_list: argument_list COMMA expression .

    $default  使用规则 10 以归约 (argument_list)


状态 104

   71 block: LC . statement_list RC
   72      | LC . RC

    INT_LITERAL     偏移，并进入状态 1
    DOUBLE_LITERAL  偏移，并进入状态 2
    STRING_LITERAL  偏移，并进入状态 3
    IDENTIFIER      偏移，并进入状态 4
    IF              偏移，并进入状态 6
    WHILE           偏移，并进入状态 7
    FOR             偏移，并进入状态 8
    RETURN_T        偏移，并进入状态 9
    BREAK           偏移，并进入状态 10
    CONTINUE        偏移，并进入状态 11
    NULL_T          偏移，并进入状态 12
    LP              偏移，并进入状态 13
    RC              偏移，并进入状态 111
    SUB             偏移，并进入状态 14
    TRUE_T          偏移，并进入状态 15
    FALSE_T         偏移，并进入状态 16
    GLOBAL_T        偏移，并进入状态 17

    statement_list             转到状态 112
    expression                 转到状态 21
    logical_or_expression      转到状态 22
    logical_and_expression     转到状态 23
    equality_expression        转到状态 24
    relational_expression      转到状态 25
    additive_expression        转到状态 26
    multiplicative_expression  转到状态 27
    unary_expression           转到状态 28
    primary_expression         转到状态 29
    statement                  转到状态 113
    global_statement           转到状态 31
    if_statement               转到状态 32
    while_statement            转到状态 33
    for_statement              转到状态 34
    return_statement           转到状态 35
    break_statement            转到状态 36
    continue_statement         转到状态 37


状态 105

    6 function_definition: FUNCTION IDENTIFIER LP RP block .

    $default  使用规则 6 以归约 (function_definition)


状态 106

    5 function_definition: FUNCTION IDENTIFIER LP parameter_list RP . block

    LC  偏移，并进入状态 104

    block  转到状态 114


状态 107

    8 parameter_list: parameter_list COMMA . IDENTIFIER

    IDENTIFIER  偏移，并进入状态 115


状态 108

   57 if_statement: IF LP expression RP block .
   58             | IF LP expression RP block . ELSE block
   59             | IF LP expression RP block . elsif_list
   60             | IF LP expression RP block . elsif_list ELSE block

    ELSE   偏移，并进入状态 116
    ELSIF  偏移，并进入状态 117

    $default  使用规则 57 以归约 (if_statement)

    elsif_list  转到状态 118
    elsif       转到状态 119


状态 109

   64 while_statement: WHILE LP expression RP block .

    $default  使用规则 64 以归约 (while_statement)


状态 110

   65 for_statement: FOR LP expression_opt SEMICOLON expression_opt . SEMICOLON expression_opt RP block

    SEMICOLON  偏移，并进入状态 120


状态 111

   72 block: LC RC .

    $default  使用规则 72 以归约 (block)


状态 112

   12 statement_list: statement_list . statement
   71 block: LC statement_list . RC

    INT_LITERAL     偏移，并进入状态 1
    DOUBLE_LITERAL  偏移，并进入状态 2
    STRING_LITERAL  偏移，并进入状态 3
    IDENTIFIER      偏移，并进入状态 4
    IF              偏移，并进入状态 6
    WHILE           偏移，并进入状态 7
    FOR             偏移，并进入状态 8
    RETURN_T        偏移，并进入状态 9
    BREAK           偏移，并进入状态 10
    CONTINUE        偏移，并进入状态 11
    NULL_T          偏移，并进入状态 12
    LP              偏移，并进入状态 13
    RC              偏移，并进入状态 121
    SUB             偏移，并进入状态 14
    TRUE_T          偏移，并进入状态 15
    FALSE_T         偏移，并进入状态 16
    GLOBAL_T        偏移，并进入状态 17

    expression                 转到状态 21
    logical_or_expression      转到状态 22
    logical_and_expression     转到状态 23
    equality_expression        转到状态 24
    relational_expression      转到状态 25
    additive_expression        转到状态 26
    multiplicative_expression  转到状态 27
    unary_expression           转到状态 28
    primary_expression         转到状态 29
    statement                  转到状态 122
    global_statement           转到状态 31
    if_statement               转到状态 32
    while_statement            转到状态 33
    for_statement              转到状态 34
    return_statement           转到状态 35
    break_statement            转到状态 36
    continue_statement         转到状态 37


状态 113

   11 statement_list: statement .

    $default  使用规则 11 以归约 (statement_list)


状态 114

    5 function_definition: FUNCTION IDENTIFIER LP parameter_list RP block .

    $default  使用规则 5 以归约 (function_definition)


状态 115

    8 parameter_list: parameter_list COMMA IDENTIFIER .

    $default  使用规则 8 以归约 (parameter_list)


状态 116

   58 if_statement: IF LP expression RP block ELSE . block

    LC  偏移，并进入状态 104

    block  转到状态 123


状态 117

   63 elsif: ELSIF . LP expression RP block

    LP  偏移，并进入状态 124


状态 118

   59 if_statement: IF LP expression RP block elsif_list .
   60             | IF LP expression RP block elsif_list . ELSE block
   62 elsif_list: elsif_list . elsif

    ELSE   偏移，并进入状态 125
    ELSIF  偏移，并进入状态 117

    $default  使用规则 59 以归约 (if_statement)

    elsif  转到状态 126


状态 119

   61 elsif_list: elsif .

    $default  使用规则 61 以归约 (elsif_list)


状态 120

   65 for_statement: FOR LP expression_opt SEMICOLON expression_opt SEMICOLON . expression_opt RP block

    INT_LITERAL     偏移，并进入状态 1
    DOUBLE_LITERAL  偏移，并进入状态 2
    STRING_LITERAL  偏移，并进入状态 3
    IDENTIFIER      偏移，并进入状态 4
    NULL_T          偏移，并进入状态 12
    LP              偏移，并进入状态 13
    SUB             偏移，并进入状态 14
    TRUE_T          偏移，并进入状态 15
    FALSE_T         偏移，并进入状态 16

    $default  使用规则 66 以归约 (expression_opt)

    expression                 转到状态 44
    logical_or_expression      转到状态 22
    logical_and_expression     转到状态 23
    equality_expression        转到状态 24
    relational_expression      转到状态 25
    additive_expression        转到状态 26
    multiplicative_expression  转到状态 27
    unary_expression           转到状态 28
    primary_expression         转到状态 29
    expression_opt             转到状态 127


状态 121

   71 block: LC statement_list RC .

    $default  使用规则 71 以归约 (block)


状态 122

   12 statement_list: statement_list statement .

    $default  使用规则 12 以归约 (statement_list)


状态 123

   58 if_statement: IF LP expression RP block ELSE block .

    $default  使用规则 58 以归约 (if_statement)


状态 124

   63 elsif: ELSIF LP . expression RP block

    INT_LITERAL     偏移，并进入状态 1
    DOUBLE_LITERAL  偏移，并进入状态 2
    STRING_LITERAL  偏移，并进入状态 3
    IDENTIFIER      偏移，并进入状态 4
    NULL_T          偏移，并进入状态 12
    LP              偏移，并进入状态 13
    SUB             偏移，并进入状态 14
    TRUE_T          偏移，并进入状态 15
    FALSE_T         偏移，并进入状态 16

    expression                 转到状态 128
    logical_or_expression      转到状态 22
    logical_and_expression     转到状态 23
    equality_expression        转到状态 24
    relational_expression      转到状态 25
    additive_expression        转到状态 26
    multiplicative_expression  转到状态 27
    unary_expression           转到状态 28
    primary_expression         转到状态 29


状态 125

   60 if_statement: IF LP expression RP block elsif_list ELSE . block

    LC  偏移，并进入状态 104

    block  转到状态 129


状态 126

   62 elsif_list: elsif_list elsif .

    $default  使用规则 62 以归约 (elsif_list)


状态 127

   65 for_statement: FOR LP expression_opt SEMICOLON expression_opt SEMICOLON expression_opt . RP block

    RP  偏移，并进入状态 130


状态 128

   63 elsif: ELSIF LP expression . RP block

    RP  偏移，并进入状态 131


状态 129

   60 if_statement: IF LP expression RP block elsif_list ELSE block .

    $default  使用规则 60 以归约 (if_statement)


状态 130

   65 for_statement: FOR LP expression_opt SEMICOLON expression_opt SEMICOLON expression_opt RP . block

    LC  偏移，并进入状态 104

    block  转到状态 132


状态 131

   63 elsif: ELSIF LP expression RP . block

    LC  偏移，并进入状态 104

    block  转到状态 133


状态 132

   65 for_statement: FOR LP expression_opt SEMICOLON expression_opt SEMICOLON expression_opt RP block .

    $default  使用规则 65 以归约 (for_statement)


状态 133

   63 elsif: ELSIF LP expression RP block .

    $default  使用规则 63 以归约 (elsif)
