语法

    0 $accept: translation_unit $end

    1 translation_unit: definition_or_statement
    2                 | translation_unit definition_or_statement

    3 definition_or_statement: function_definition
    4                        | statement

    5 function_definition: FUNCTION IDENTIFIER LP parameter_list RP block
    6                    | FUNCTION IDENTIFIER LP RP block

    7 parameter_list: IDENTIFIER
    8               | parameter_list COMMA IDENTIFIER

    9 argument_list: expression
   10              | argument_list COMMA expression

   11 statement_list: statement
   12               | statement_list statement

   13 expression: logical_or_expression
   14           | postfix_expression ASSIGN expression

   15 logical_or_expression: logical_and_expression
   16                      | logical_or_expression LOGICAL_OR logical_and_expression

   17 logical_and_expression: equality_expression
   18                       | logical_and_expression LOGICAL_AND equality_expression

   19 equality_expression: relational_expression
   20                    | equality_expression EQ relational_expression
   21                    | equality_expression NE relational_expression

   22 relational_expression: additive_expression
   23                      | relational_expression GT additive_expression
   24                      | relational_expression GE additive_expression
   25                      | relational_expression LT additive_expression
   26                      | relational_expression LE additive_expression

   27 additive_expression: multiplicative_expression
   28                    | additive_expression ADD multiplicative_expression
   29                    | additive_expression SUB multiplicative_expression

   30 multiplicative_expression: unary_expression
   31                          | multiplicative_expression MUL unary_expression
   32                          | multiplicative_expression DIV unary_expression
   33                          | multiplicative_expression MOD unary_expression

   34 unary_expression: postfix_expression
   35                 | SUB unary_expression

   36 postfix_expression: primary_expression
   37                   | postfix_expression LB expression RB
   38                   | postfix_expression DOT IDENTIFIER LP argument_list RP
   39                   | postfix_expression DOT IDENTIFIER LP RP
   40                   | postfix_expression INCREMENT
   41                   | postfix_expression DECREMENT

   42 primary_expression: IDENTIFIER LP argument_list RP
   43                   | IDENTIFIER LP RP
   44                   | LP expression RP
   45                   | IDENTIFIER
   46                   | INT_LITERAL
   47                   | DOUBLE_LITERAL
   48                   | STRING_LITERAL
   49                   | TRUE_T
   50                   | FALSE_T
   51                   | NULL_T
   52                   | array_literal

   53 array_literal: LC expression_list RC
   54              | LC expression_list COMMA RC

   55 expression_list: %empty
   56                | expression
   57                | expression_list COMMA expression

   58 statement: expression SEMICOLON
   59          | global_statement
   60          | if_statement
   61          | while_statement
   62          | for_statement
   63          | return_statement
   64          | break_statement
   65          | continue_statement

   66 global_statement: GLOBAL_T identifier_list SEMICOLON

   67 identifier_list: IDENTIFIER
   68                | identifier_list COMMA IDENTIFIER

   69 if_statement: IF LP expression RP block
   70             | IF LP expression RP block ELSE block
   71             | IF LP expression RP block elsif_list
   72             | IF LP expression RP block elsif_list ELSE block

   73 elsif_list: elsif
   74           | elsif_list elsif

   75 elsif: ELSIF LP expression RP block

   76 while_statement: WHILE LP expression RP block

   77 for_statement: FOR LP expression_opt SEMICOLON expression_opt SEMICOLON expression_opt RP block

   78 expression_opt: %empty
   79               | expression

   80 return_statement: RETURN_T expression_opt SEMICOLON

   81 break_statement: BREAK SEMICOLON

   82 continue_statement: CONTINUE SEMICOLON

   83 block: LC statement_list RC
   84      | LC RC


终结语词，附有它们出现处的规则

    $end (0) 0
    error (256)
    INT_LITERAL <expression> (258) 46
    DOUBLE_LITERAL <expression> (259) 47
    STRING_LITERAL <expression> (260) 48
    IDENTIFIER <identifier> (261) 5 6 7 8 38 39 42 43 45 67 68
    FUNCTION (262) 5 6
    IF (263) 69 70 71 72
    ELSE (264) 70 72
    ELSIF (265) 75
    WHILE (266) 76
    FOR (267) 77
    RETURN_T (268) 80
    BREAK (269) 81
    CONTINUE (270) 82
    NULL_T (271) 51
    LP (272) 5 6 38 39 42 43 44 69 70 71 72 75 76 77
    RP (273) 5 6 38 39 42 43 44 69 70 71 72 75 76 77
    LC (274) 53 54 83 84
    RC (275) 53 54 83 84
    LB (276) 37
    RB (277) 37
    SEMICOLON (278) 58 66 77 80 81 82
    COMMA (279) 8 10 54 57 68
    ASSIGN (280) 14
    LOGICAL_AND (281) 18
    LOGICAL_OR (282) 16
    EQ (283) 20
    NE (284) 21
    GT (285) 23
    GE (286) 24
    LT (287) 25
    LE (288) 26
    ADD (289) 28
    SUB (290) 29 35
    MUL (291) 31
    DIV (292) 32
    MOD (293) 33
    TRUE_T (294) 49
    FALSE_T (295) 50
    GLOBAL_T (296) 66
    DOT (297) 38 39
    INCREMENT (298) 40
    DECREMENT (299) 41


非终结语词，附有它们出现处的规则

    $accept (45)
        on left: 0
    translation_unit (46)
        on left: 1 2
        on right: 0 2
    definition_or_statement (47)
        on left: 3 4
        on right: 1 2
    function_definition (48)
        on left: 5 6
        on right: 3
    parameter_list <parameter_list> (49)
        on left: 7 8
        on right: 5 8
    argument_list <argument_list> (50)
        on left: 9 10
        on right: 10 38 42
    statement_list <statement_list> (51)
        on left: 11 12
        on right: 12 83
    expression <expression> (52)
        on left: 13 14
        on right: 9 10 14 37 44 56 57 58 69 70 71 72 75 76 79
    logical_or_expression <expression> (53)
        on left: 15 16
        on right: 13 16
    logical_and_expression <expression> (54)
        on left: 17 18
        on right: 15 16 18
    equality_expression <expression> (55)
        on left: 19 20 21
        on right: 17 18 20 21
    relational_expression <expression> (56)
        on left: 22 23 24 25 26
        on right: 19 20 21 23 24 25 26
    additive_expression <expression> (57)
        on left: 27 28 29
        on right: 22 23 24 25 26 28 29
    multiplicative_expression <expression> (58)
        on left: 30 31 32 33
        on right: 27 28 29 31 32 33
    unary_expression <expression> (59)
        on left: 34 35
        on right: 30 31 32 33 35
    postfix_expression <expression> (60)
        on left: 36 37 38 39 40 41
        on right: 14 34 37 38 39 40 41
    primary_expression <expression> (61)
        on left: 42 43 44 45 46 47 48 49 50 51 52
        on right: 36
    array_literal <expression> (62)
        on left: 53 54
        on right: 52
    expression_list <expression_list> (63)
        on left: 55 56 57
        on right: 53 54 57
    statement <statement> (64)
        on left: 58 59 60 61 62 63 64 65
        on right: 4 11 12
    global_statement <statement> (65)
        on left: 66
        on right: 59
    identifier_list <identifier_list> (66)
        on left: 67 68
        on right: 66 68
    if_statement <statement> (67)
        on left: 69 70 71 72
        on right: 60
    elsif_list <elsif> (68)
        on left: 73 74
        on right: 71 72 74
    elsif <elsif> (69)
        on left: 75
        on right: 73 74
    while_statement <statement> (70)
        on left: 76
        on right: 61
    for_statement <statement> (71)
        on left: 77
        on right: 62
    expression_opt <expression> (72)
        on left: 78 79
        on right: 77 80
    return_statement <statement> (73)
        on left: 80
        on right: 63
    break_statement <statement> (74)
        on left: 81
        on right: 64
    continue_statement <statement> (75)
        on left: 82
        on right: 65
    block <block> (76)
        on left: 83 84
        on right: 5 6 69 70 71 72 75 76 77


状态 0

    0 $accept: . translation_unit $end

    INT_LITERAL     偏移，并进入状态 1
    DOUBLE_LITERAL  偏移，并进入状态 2
    STRING_LITERAL  偏移，并进入状态 3
    IDENTIFIER      偏移，并进入状态 4
    FUNCTION        偏移，并进入状态 5
    IF              偏移，并进入状态 6
    WHILE           偏移，并进入状态 7
    FOR             偏移，并进入状态 8
    RETURN_T        偏移，并进入状态 9
    BREAK           偏移，并进入状态 10
    CONTINUE        偏移，并进入状态 11
    NULL_T          偏移，并进入状态 12
    LP              偏移，并进入状态 13
    LC              偏移，并进入状态 14
    SUB             偏移，并进入状态 15
    TRUE_T          偏移，并进入状态 16
    FALSE_T         偏移，并进入状态 17
    GLOBAL_T        偏移，并进入状态 18

    translation_unit           转到状态 19
    definition_or_statement    转到状态 20
    function_definition        转到状态 21
    expression                 转到状态 22
    logical_or_expression      转到状态 23
    logical_and_expression     转到状态 24
    equality_expression        转到状态 25
    relational_expression      转到状态 26
    additive_expression        转到状态 27
    multiplicative_expression  转到状态 28
    unary_expression           转到状态 29
    postfix_expression         转到状态 30
    primary_expression         转到状态 31
    array_literal              转到状态 32
    statement                  转到状态 33
    global_statement           转到状态 34
    if_statement               转到状态 35
    while_statement            转到状态 36
    for_statement              转到状态 37
    return_statement           转到状态 38
    break_statement            转到状态 39
    continue_statement         转到状态 40


状态 1

   46 primary_expression: INT_LITERAL .

    $default  使用规则 46 以归约 (primary_expression)


状态 2

   47 primary_expression: DOUBLE_LITERAL .

    $default  使用规则 47 以归约 (primary_expression)


状态 3

   48 primary_expression: STRING_LITERAL .

    $default  使用规则 48 以归约 (primary_expression)


状态 4

   42 primary_expression: IDENTIFIER . LP argument_list RP
   43                   | IDENTIFIER . LP RP
   45                   | IDENTIFIER .

    LP  偏移，并进入状态 41

    $default  使用规则 45 以归约 (primary_expression)


状态 5

    5 function_definition: FUNCTION . IDENTIFIER LP parameter_list RP block
    6                    | FUNCTION . IDENTIFIER LP RP block

    IDENTIFIER  偏移，并进入状态 42


状态 6

   69 if_statement: IF . LP expression RP block
   70             | IF . LP expression RP block ELSE block
   71             | IF . LP expression RP block elsif_list
   72             | IF . LP expression RP block elsif_list ELSE block

    LP  偏移，并进入状态 43


状态 7

   76 while_statement: WHILE . LP expression RP block

    LP  偏移，并进入状态 44


状态 8

   77 for_statement: FOR . LP expression_opt SEMICOLON expression_opt SEMICOLON expression_opt RP block

    LP  偏移，并进入状态 45


状态 9

   80 return_statement: RETURN_T . expression_opt SEMICOLON

    INT_LITERAL     偏移，并进入状态 1
    DOUBLE_LITERAL  偏移，并进入状态 2
    STRING_LITERAL  偏移，并进入状态 3
    IDENTIFIER      偏移，并进入状态 4
    NULL_T          偏移，并进入状态 12
    LP              偏移，并进入状态 13
    LC              偏移，并进入状态 14
    SUB             偏移，并进入状态 15
    TRUE_T          偏移，并进入状态 16
    FALSE_T         偏移，并进入状态 17

    $default  使用规则 78 以归约 (expression_opt)

    expression                 转到状态 46
    logical_or_expression      转到状态 23
    logical_and_expression     转到状态 24
    equality_expression        转到状态 25
    relational_expression      转到状态 26
    additive_expression        转到状态 27
    multiplicative_expression  转到状态 28
    unary_expression           转到状态 29
    postfix_expression         转到状态 30
    primary_expression         转到状态 31
    array_literal              转到状态 32
    expression_opt             转到状态 47


状态 10

   81 break_statement: BREAK . SEMICOLON

    SEMICOLON  偏移，并进入状态 48


状态 11

   82 continue_statement: CONTINUE . SEMICOLON

    SEMICOLON  偏移，并进入状态 49


状态 12

   51 primary_expression: NULL_T .

    $default  使用规则 51 以归约 (primary_expression)


状态 13

   44 primary_expression: LP . expression RP

    INT_LITERAL     偏移，并进入状态 1
    DOUBLE_LITERAL  偏移，并进入状态 2
    STRING_LITERAL  偏移，并进入状态 3
    IDENTIFIER      偏移，并进入状态 4
    NULL_T          偏移，并进入状态 12
    LP              偏移，并进入状态 13
    LC              偏移，并进入状态 14
    SUB             偏移，并进入状态 15
    TRUE_T          偏移，并进入状态 16
    FALSE_T         偏移，并进入状态 17

    expression                 转到状态 50
    logical_or_expression      转到状态 23
    logical_and_expression     转到状态 24
    equality_expression        转到状态 25
    relational_expression      转到状态 26
    additive_expression        转到状态 27
    multiplicative_expression  转到状态 28
    unary_expression           转到状态 29
    postfix_expression         转到状态 30
    primary_expression         转到状态 31
    array_literal              转到状态 32


状态 14

   53 array_literal: LC . expression_list RC
   54              | LC . expression_list COMMA RC

    INT_LITERAL     偏移，并进入状态 1
    DOUBLE_LITERAL  偏移，并进入状态 2
    STRING_LITERAL  偏移，并进入状态 3
    IDENTIFIER      偏移，并进入状态 4
    NULL_T          偏移，并进入状态 12
    LP              偏移，并进入状态 13
    LC              偏移，并进入状态 14
    SUB             偏移，并进入状态 15
    TRUE_T          偏移，并进入状态 16
    FALSE_T         偏移，并进入状态 17

    $default  使用规则 55 以归约 (expression_list)

    expression                 转到状态 51
    logical_or_expression      转到状态 23
    logical_and_expression     转到状态 24
    equality_expression        转到状态 25
    relational_expression      转到状态 26
    additive_expression        转到状态 27
    multiplicative_expression  转到状态 28
    unary_expression           转到状态 29
    postfix_expression         转到状态 30
    primary_expression         转到状态 31
    array_literal              转到状态 32
    expression_list            转到状态 52


状态 15

   35 unary_expression: SUB . unary_expression

    INT_LITERAL     偏移，并进入状态 1
    DOUBLE_LITERAL  偏移，并进入状态 2
    STRING_LITERAL  偏移，并进入状态 3
    IDENTIFIER      偏移，并进入状态 4
    NULL_T          偏移，并进入状态 12
    LP              偏移，并进入状态 13
    LC              偏移，并进入状态 14
    SUB             偏移，并进入状态 15
    TRUE_T          偏移，并进入状态 16
    FALSE_T         偏移，并进入状态 17

    unary_expression    转到状态 53
    postfix_expression  转到状态 54
    primary_expression  转到状态 31
    array_literal       转到状态 32


状态 16

   49 primary_expression: TRUE_T .

    $default  使用规则 49 以归约 (primary_expression)


状态 17

   50 primary_expression: FALSE_T .

    $default  使用规则 50 以归约 (primary_expression)


状态 18

   66 global_statement: GLOBAL_T . identifier_list SEMICOLON

    IDENTIFIER  偏移，并进入状态 55

    identifier_list  转到状态 56


状态 19

    0 $accept: translation_unit . $end
    2 translation_unit: translation_unit . definition_or_statement

    $end            偏移，并进入状态 57
    INT_LITERAL     偏移，并进入状态 1
    DOUBLE_LITERAL  偏移，并进入状态 2
    STRING_LITERAL  偏移，并进入状态 3
    IDENTIFIER      偏移，并进入状态 4
    FUNCTION        偏移，并进入状态 5
    IF              偏移，并进入状态 6
    WHILE           偏移，并进入状态 7
    FOR             偏移，并进入状态 8
    RETURN_T        偏移，并进入状态 9
    BREAK           偏移，并进入状态 10
    CONTINUE        偏移，并进入状态 11
    NULL_T          偏移，并进入状态 12
    LP              偏移，并进入状态 13
    LC              偏移，并进入状态 14
    SUB             偏移，并进入状态 15
    TRUE_T          偏移，并进入状态 16
    FALSE_T         偏移，并进入状态 17
    GLOBAL_T        偏移，并进入状态 18

    definition_or_statement    转到状态 58
    function_definition        转到状态 21
    expression                 转到状态 22
    logical_or_expression      转到状态 23
    logical_and_expression     转到状态 24
    equality_expression        转到状态 25
    relational_expression      转到状态 26
    additive_expression        转到状态 27
    multiplicative_expression  转到状态 28
    unary_expression           转到状态 29
    postfix_expression         转到状态 30
    primary_expression         转到状态 31
    array_literal              转到状态 32
    statement                  转到状态 33
    global_statement           转到状态 34
    if_statement               转到状态 35
    while_statement            转到状态 36
    for_statement              转到状态 37
    return_statement           转到状态 38
    break_statement            转到状态 39
    continue_statement         转到状态 40


状态 20

    1 translation_unit: definition_or_statement .

    $default  使用规则 1 以归约 (translation_unit)


状态 21

    3 definition_or_statement: function_definition .

    $default  使用规则 3 以归约 (definition_or_statement)


状态 22

   58 statement: expression . SEMICOLON

    SEMICOLON  偏移，并进入状态 59


状态 23

   13 expression: logical_or_expression .
   16 logical_or_expression: logical_or_expression . LOGICAL_OR logical_and_expression

    LOGICAL_OR  偏移，并进入状态 60

    $default  使用规则 13 以归约 (expression)


状态 24

   15 logical_or_expression: logical_and_expression .
   18 logical_and_expression: logical_and_expression . LOGICAL_AND equality_expression

    LOGICAL_AND  偏移，并进入状态 61

    $default  使用规则 15 以归约 (logical_or_expression)


状态 25

   17 logical_and_expression: equality_expression .
   20 equality_expression: equality_expression . EQ relational_expression
   21                    | equality_expression . NE relational_expression

    EQ  偏移，并进入状态 62
    NE  偏移，并进入状态 63

    $default  使用规则 17 以归约 (logical_and_expression)


状态 26

   19 equality_expression: relational_expression .
   23 relational_expression: relational_expression . GT additive_expression
   24                      | relational_expression . GE additive_expression
   25                      | relational_expression . LT additive_expression
   26                      | relational_expression . LE additive_expression

    GT  偏移，并进入状态 64
    GE  偏移，并进入状态 65
    LT  偏移，并进入状态 66
    LE  偏移，并进入状态 67

    $default  使用规则 19 以归约 (equality_expression)


状态 27

   22 relational_expression: additive_expression .
   28 additive_expression: additive_expression . ADD multiplicative_expression
   29                    | additive_expression . SUB multiplicative_expression

    ADD  偏移，并进入状态 68
    SUB  偏移，并进入状态 69

    $default  使用规则 22 以归约 (relational_expression)


状态 28

   27 additive_expression: multiplicative_expression .
   31 multiplicative_expression: multiplicative_expression . MUL unary_expression
   32                          | multiplicative_expression . DIV unary_expression
   33                          | multiplicative_expression . MOD unary_expression

    MUL  偏移，并进入状态 70
    DIV  偏移，并进入状态 71
    MOD  偏移，并进入状态 72

    $default  使用规则 27 以归约 (additive_expression)


状态 29

   30 multiplicative_expression: unary_expression .

    $default  使用规则 30 以归约 (multiplicative_expression)


状态 30

   14 expression: postfix_expression . ASSIGN expression
   34 unary_expression: postfix_expression .
   37 postfix_expression: postfix_expression . LB expression RB
   38                   | postfix_expression . DOT IDENTIFIER LP argument_list RP
   39                   | postfix_expression . DOT IDENTIFIER LP RP
   40                   | postfix_expression . INCREMENT
   41                   | postfix_expression . DECREMENT

    LB         偏移，并进入状态 73
    ASSIGN     偏移，并进入状态 74
    DOT        偏移，并进入状态 75
    INCREMENT  偏移，并进入状态 76
    DECREMENT  偏移，并进入状态 77

    $default  使用规则 34 以归约 (unary_expression)


状态 31

   36 postfix_expression: primary_expression .

    $default  使用规则 36 以归约 (postfix_expression)


状态 32

   52 primary_expression: array_literal .

    $default  使用规则 52 以归约 (primary_expression)


状态 33

    4 definition_or_statement: statement .

    $default  使用规则 4 以归约 (definition_or_statement)


状态 34

   59 statement: global_statement .

    $default  使用规则 59 以归约 (statement)


状态 35

   60 statement: if_statement .

    $default  使用规则 60 以归约 (statement)


状态 36

   61 statement: while_statement .

    $default  使用规则 61 以归约 (statement)


状态 37

   62 statement: for_statement .

    $default  使用规则 62 以归约 (statement)


状态 38

   63 statement: return_statement .

    $default  使用规则 63 以归约 (statement)


状态 39

   64 statement: break_statement .

    $default  使用规则 64 以归约 (statement)


状态 40

   65 statement: continue_statement .

    $default  使用规则 65 以归约 (statement)


状态 41

   42 primary_expression: IDENTIFIER LP . argument_list RP
   43                   | IDENTIFIER LP . RP

    INT_LITERAL     偏移，并进入状态 1
    DOUBLE_LITERAL  偏移，并进入状态 2
    STRING_LITERAL  偏移，并进入状态 3
    IDENTIFIER      偏移，并进入状态 4
    NULL_T          偏移，并进入状态 12
    LP              偏移，并进入状态 13
    RP              偏移，并进入状态 78
    LC              偏移，并进入状态 14
    SUB             偏移，并进入状态 15
    TRUE_T          偏移，并进入状态 16
    FALSE_T         偏移，并进入状态 17

    argument_list              转到状态 79
    expression                 转到状态 80
    logical_or_expression      转到状态 23
    logical_and_expression     转到状态 24
    equality_expression        转到状态 25
    relational_expression      转到状态 26
    additive_expression        转到状态 27
    multiplicative_expression  转到状态 28
    unary_expression           转到状态 29
    postfix_expression         转到状态 30
    primary_expression         转到状态 31
    array_literal              转到状态 32


状态 42

    5 function_definition: FUNCTION IDENTIFIER . LP parameter_list RP block
    6                    | FUNCTION IDENTIFIER . LP RP block

    LP  偏移，并进入状态 81


状态 43

   69 if_statement: IF LP . expression RP block
   70             | IF LP . expression RP block ELSE block
   71             | IF LP . expression RP block elsif_list
   72             | IF LP . expression RP block elsif_list ELSE block

    INT_LITERAL     偏移，并进入状态 1
    DOUBLE_LITERAL  偏移，并进入状态 2
    STRING_LITERAL  偏移，并进入状态 3
    IDENTIFIER      偏移，并进入状态 4
    NULL_T          偏移，并进入状态 12
    LP              偏移，并进入状态 13
    LC              偏移，并进入状态 14
    SUB             偏移，并进入状态 15
    TRUE_T          偏移，并进入状态 16
    FALSE_T         偏移，并进入状态 17

    expression                 转到状态 82
    logical_or_expression      转到状态 23
    logical_and_expression     转到状态 24
    equality_expression        转到状态 25
    relational_expression      转到状态 26
    additive_expression        转到状态 27
    multiplicative_expression  转到状态 28
    unary_expression           转到状态 29
    postfix_expression         转到状态 30
    primary_expression         转到状态 31
    array_literal              转到状态 32


状态 44

   76 while_statement: WHILE LP . expression RP block

    INT_LITERAL     偏移，并进入状态 1
    DOUBLE_LITERAL  偏移，并进入状态 2
    STRING_LITERAL  偏移，并进入状态 3
    IDENTIFIER      偏移，并进入状态 4
    NULL_T          偏移，并进入状态 12
    LP              偏移，并进入状态 13
    LC              偏移，并进入状态 14
    SUB             偏移，并进入状态 15
    TRUE_T          偏移，并进入状态 16
    FALSE_T         偏移，并进入状态 17

    expression                 转到状态 83
    logical_or_expression      转到状态 23
    logical_and_expression     转到状态 24
    equality_expression        转到状态 25
    relational_expression      转到状态 26
    additive_expression        转到状态 27
    multiplicative_expression  转到状态 28
    unary_expression           转到状态 29
    postfix_expression         转到状态 30
    primary_expression         转到状态 31
    array_literal              转到状态 32


状态 45

   77 for_statement: FOR LP . expression_opt SEMICOLON expression_opt SEMICOLON expression_opt RP block

    INT_LITERAL     偏移，并进入状态 1
    DOUBLE_LITERAL  偏移，并进入状态 2
    STRING_LITERAL  偏移，并进入状态 3
    IDENTIFIER      偏移，并进入状态 4
    NULL_T          偏移，并进入状态 12
    LP              偏移，并进入状态 13
    LC              偏移，并进入状态 14
    SUB             偏移，并进入状态 15
    TRUE_T          偏移，并进入状态 16
    FALSE_T         偏移，并进入状态 17

    $default  使用规则 78 以归约 (expression_opt)

    expression                 转到状态 46
    logical_or_expression      转到状态 23
    logical_and_expression     转到状态 24
    equality_expression        转到状态 25
    relational_expression      转到状态 26
    additive_expression        转到状态 27
    multiplicative_expression  转到状态 28
    unary_expression           转到状态 29
    postfix_expression         转到状态 30
    primary_expression         转到状态 31
    array_literal              转到状态 32
    expression_opt             转到状态 84


状态 46

   79 expression_opt: expression .

    $default  使用规则 79 以归约 (expression_opt)


状态 47

   80 return_statement: RETURN_T expression_opt . SEMICOLON

    SEMICOLON  偏移，并进入状态 85


状态 48

   81 break_statement: BREAK SEMICOLON .

    $default  使用规则 81 以归约 (break_statement)


状态 49

   82 continue_statement: CONTINUE SEMICOLON .

    $default  使用规则 82 以归约 (continue_statement)


状态 50

   44 primary_expression: LP expression . RP

    RP  偏移，并进入状态 86


状态 51

   56 expression_list: expression .

    $default  使用规则 56 以归约 (expression_list)


状态 52

   53 array_literal: LC expression_list . RC
   54              | LC expression_list . COMMA RC
   57 expression_list: expression_list . COMMA expression

    RC     偏移，并进入状态 87
    COMMA  偏移，并进入状态 88


状态 53

   35 unary_expression: SUB unary_expression .

    $default  使用规则 35 以归约 (unary_expression)


状态 54

   34 unary_expression: postfix_expression .
   37 postfix_expression: postfix_expression . LB expression RB
   38                   | postfix_expression . DOT IDENTIFIER LP argument_list RP
   39                   | postfix_expression . DOT IDENTIFIER LP RP
   40                   | postfix_expression . INCREMENT
   41                   | postfix_expression . DECREMENT

    LB         偏移，并进入状态 73
    DOT        偏移，并进入状态 75
    INCREMENT  偏移，并进入状态 76
    DECREMENT  偏移，并进入状态 77

    $default  使用规则 34 以归约 (unary_expression)


状态 55

   67 identifier_list: IDENTIFIER .

    $default  使用规则 67 以归约 (identifier_list)


状态 56

   66 global_statement: GLOBAL_T identifier_list . SEMICOLON
   68 identifier_list: identifier_list . COMMA IDENTIFIER

    SEMICOLON  偏移，并进入状态 89
    COMMA      偏移，并进入状态 90


状态 57

    0 $accept: translation_unit $end .

    $default  接受


状态 58

    2 translation_unit: translation_unit definition_or_statement .

    $default  使用规则 2 以归约 (translation_unit)


状态 59

   58 statement: expression SEMICOLON .

    $default  使用规则 58 以归约 (statement)


状态 60

   16 logical_or_expression: logical_or_expression LOGICAL_OR . logical_and_expression

    INT_LITERAL     偏移，并进入状态 1
    DOUBLE_LITERAL  偏移，并进入状态 2
    STRING_LITERAL  偏移，并进入状态 3
    IDENTIFIER      偏移，并进入状态 4
    NULL_T          偏移，并进入状态 12
    LP              偏移，并进入状态 13
    LC              偏移，并进入状态 14
    SUB             偏移，并进入状态 15
    TRUE_T          偏移，并进入状态 16
    FALSE_T         偏移，并进入状态 17

    logical_and_expression     转到状态 91
    equality_expression        转到状态 25
    relational_expression      转到状态 26
    additive_expression        转到状态 27
    multiplicative_expression  转到状态 28
    unary_expression           转到状态 29
    postfix_expression         转到状态 54
    primary_expression         转到状态 31
    array_literal              转到状态 32


状态 61

   18 logical_and_expression: logical_and_expression LOGICAL_AND . equality_expression

    INT_LITERAL     偏移，并进入状态 1
    DOUBLE_LITERAL  偏移，并进入状态 2
    STRING_LITERAL  偏移，并进入状态 3
    IDENTIFIER      偏移，并进入状态 4
    NULL_T          偏移，并进入状态 12
    LP              偏移，并进入状态 13
    LC              偏移，并进入状态 14
    SUB             偏移，并进入状态 15
    TRUE_T          偏移，并进入状态 16
    FALSE_T         偏移，并进入状态 17

    equality_expression        转到状态 92
    relational_expression      转到状态 26
    additive_expression        转到状态 27
    multiplicative_expression  转到状态 28
    unary_expression           转到状态 29
    postfix_expression         转到状态 54
    primary_expression         转到状态 31
    array_literal              转到状态 32


状态 62

   20 equality_expression: equality_expression EQ . relational_expression

    INT_LITERAL     偏移，并进入状态 1
    DOUBLE_LITERAL  偏移，并进入状态 2
    STRING_LITERAL  偏移，并进入状态 3
    IDENTIFIER      偏移，并进入状态 4
    NULL_T          偏移，并进入状态 12
    LP              偏移，并进入状态 13
    LC              偏移，并进入状态 14
    SUB             偏移，并进入状态 15
    TRUE_T          偏移，并进入状态 16
    FALSE_T         偏移，并进入状态 17

    relational_expression      转到状态 93
    additive_expression        转到状态 27
    multiplicative_expression  转到状态 28
    unary_expression           转到状态 29
    postfix_expression         转到状态 54
    primary_expression         转到状态 31
    array_literal              转到状态 32


状态 63

   21 equality_expression: equality_expression NE . relational_expression

    INT_LITERAL     偏移，并进入状态 1
    DOUBLE_LITERAL  偏移，并进入状态 2
    STRING_LITERAL  偏移，并进入状态 3
    IDENTIFIER      偏移，并进入状态 4
    NULL_T          偏移，并进入状态 12
    LP              偏移，并进入状态 13
    LC              偏移，并进入状态 14
    SUB             偏移，并进入状态 15
    TRUE_T          偏移，并进入状态 16
    FALSE_T         偏移，并进入状态 17

    relational_expression      转到状态 94
    additive_expression        转到状态 27
    multiplicative_expression  转到状态 28
    unary_expression           转到状态 29
    postfix_expression         转到状态 54
    primary_expression         转到状态 31
    array_literal              转到状态 32


状态 64

   23 relational_expression: relational_expression GT . additive_expression

    INT_LITERAL     偏移，并进入状态 1
    DOUBLE_LITERAL  偏移，并进入状态 2
    STRING_LITERAL  偏移，并进入状态 3
    IDENTIFIER      偏移，并进入状态 4
    NULL_T          偏移，并进入状态 12
    LP              偏移，并进入状态 13
    LC              偏移，并进入状态 14
    SUB             偏移，并进入状态 15
    TRUE_T          偏移，并进入状态 16
    FALSE_T         偏移，并进入状态 17

    additive_expression        转到状态 95
    multiplicative_expression  转到状态 28
    unary_expression           转到状态 29
    postfix_expression         转到状态 54
    primary_expression         转到状态 31
    array_literal              转到状态 32


状态 65

   24 relational_expression: relational_expression GE . additive_expression

    INT_LITERAL     偏移，并进入状态 1
    DOUBLE_LITERAL  偏移，并进入状态 2
    STRING_LITERAL  偏移，并进入状态 3
    IDENTIFIER      偏移，并进入状态 4
    NULL_T          偏移，并进入状态 12
    LP              偏移，并进入状态 13
    LC              偏移，并进入状态 14
    SUB             偏移，并进入状态 15
    TRUE_T          偏移，并进入状态 16
    FALSE_T         偏移，并进入状态 17

    additive_expression        转到状态 96
    multiplicative_expression  转到状态 28
    unary_expression           转到状态 29
    postfix_expression         转到状态 54
    primary_expression         转到状态 31
    array_literal              转到状态 32


状态 66

   25 relational_expression: relational_expression LT . additive_expression

    INT_LITERAL     偏移，并进入状态 1
    DOUBLE_LITERAL  偏移，并进入状态 2
    STRING_LITERAL  偏移，并进入状态 3
    IDENTIFIER      偏移，并进入状态 4
    NULL_T          偏移，并进入状态 12
    LP              偏移，并进入状态 13
    LC              偏移，并进入状态 14
    SUB             偏移，并进入状态 15
    TRUE_T          偏移，并进入状态 16
    FALSE_T         偏移，并进入状态 17

    additive_expression        转到状态 97
    multiplicative_expression  转到状态 28
    unary_expression           转到状态 29
    postfix_expression         转到状态 54
    primary_expression         转到状态 31
    array_literal              转到状态 32


状态 67

   26 relational_expression: relational_expression LE . additive_expression

    INT_LITERAL     偏移，并进入状态 1
    DOUBLE_LITERAL  偏移，并进入状态 2
    STRING_LITERAL  偏移，并进入状态 3
    IDENTIFIER      偏移，并进入状态 4
    NULL_T          偏移，并进入状态 12
    LP              偏移，并进入状态 13
    LC              偏移，并进入状态 14
    SUB             偏移，并进入状态 15
    TRUE_T          偏移，并进入状态 16
    FALSE_T         偏移，并进入状态 17

    additive_expression        转到状态 98
    multiplicative_expression  转到状态 28
    unary_expression           转到状态 29
    postfix_expression         转到状态 54
    primary_expression         转到状态 31
    array_literal              转到状态 32


状态 68

   28 additive_expression: additive_expression ADD . multiplicative_expression

    INT_LITERAL     偏移，并进入状态 1
    DOUBLE_LITERAL  偏移，并进入状态 2
    STRING_LITERAL  偏移，并进入状态 3
    IDENTIFIER      偏移，并进入状态 4
    NULL_T          偏移，并进入状态 12
    LP              偏移，并进入状态 13
    LC              偏移，并进入状态 14
    SUB             偏移，并进入状态 15
    TRUE_T          偏移，并进入状态 16
    FALSE_T         偏移，并进入状态 17

    multiplicative_expression  转到状态 99
    unary_expression           转到状态 29
    postfix_expression         转到状态 54
    primary_expression         转到状态 31
    array_literal              转到状态 32


状态 69

   29 additive_expression: additive_expression SUB . multiplicative_expression

    INT_LITERAL     偏移，并进入状态 1
    DOUBLE_LITERAL  偏移，并进入状态 2
    STRING_LITERAL  偏移，并进入状态 3
    IDENTIFIER      偏移，并进入状态 4
    NULL_T          偏移，并进入状态 12
    LP              偏移，并进入状态 13
    LC              偏移，并进入状态 14
    SUB             偏移，并进入状态 15
    TRUE_T          偏移，并进入状态 16
    FALSE_T         偏移，并进入状态 17

    multiplicative_expression  转到状态 100
    unary_expression           转到状态 29
    postfix_expression         转到状态 54
    primary_expression         转到状态 31
    array_literal              转到状态 32


状态 70

   31 multiplicative_expression: multiplicative_expression MUL . unary_expression

    INT_LITERAL     偏移，并进入状态 1
    DOUBLE_LITERAL  偏移，并进入状态 2
    STRING_LITERAL  偏移，并进入状态 3
    IDENTIFIER      偏移，并进入状态 4
    NULL_T          偏移，并进入状态 12
    LP              偏移，并进入状态 13
    LC              偏移，并进入状态 14
    SUB             偏移，并进入状态 15
    TRUE_T          偏移，并进入状态 16
    FALSE_T         偏移，并进入状态 17

    unary_expression    转到状态 101
    postfix_expression  转到状态 54
    primary_expression  转到状态 31
    array_literal       转到状态 32


状态 71

   32 multiplicative_expression: multiplicative_expression DIV . unary_expression

    INT_LITERAL     偏移，并进入状态 1
    DOUBLE_LITERAL  偏移，并进入状态 2
    STRING_LITERAL  偏移，并进入状态 3
    IDENTIFIER      偏移，并进入状态 4
    NULL_T          偏移，并进入状态 12
    LP              偏移，并进入状态 13
    LC              偏移，并进入状态 14
    SUB             偏移，并进入状态 15
    TRUE_T          偏移，并进入状态 16
    FALSE_T         偏移，并进入状态 17

    unary_expression    转到状态 102
    postfix_expression  转到状态 54
    primary_expression  转到状态 31
    array_literal       转到状态 32


状态 72

   33 multiplicative_expression: multiplicative_expression MOD . unary_expression

    INT_LITERAL     偏移，并进入状态 1
    DOUBLE_LITERAL  偏移，并进入状态 2
    STRING_LITERAL  偏移，并进入状态 3
    IDENTIFIER      偏移，并进入状态 4
    NULL_T          偏移，并进入状态 12
    LP              偏移，并进入状态 13
    LC              偏移，并进入状态 14
    SUB             偏移，并进入状态 15
    TRUE_T          偏移，并进入状态 16
    FALSE_T         偏移，并进入状态 17

    unary_expression    转到状态 103
    postfix_expression  转到状态 54
    primary_expression  转到状态 31
    array_literal       转到状态 32


状态 73

   37 postfix_expression: postfix_expression LB . expression RB

    INT_LITERAL     偏移，并进入状态 1
    DOUBLE_LITERAL  偏移，并进入状态 2
    STRING_LITERAL  偏移，并进入状态 3
    IDENTIFIER      偏移，并进入状态 4
    NULL_T          偏移，并进入状态 12
    LP              偏移，并进入状态 13
    LC              偏移，并进入状态 14
    SUB             偏移，并进入状态 15
    TRUE_T          偏移，并进入状态 16
    FALSE_T         偏移，并进入状态 17

    expression                 转到状态 104
    logical_or_expression      转到状态 23
    logical_and_expression     转到状态 24
    equality_expression        转到状态 25
    relational_expression      转到状态 26
    additive_expression        转到状态 27
    multiplicative_expression  转到状态 28
    unary_expression           转到状态 29
    postfix_expression         转到状态 30
    primary_expression         转到状态 31
    array_literal              转到状态 32


状态 74

   14 expression: postfix_expression ASSIGN . expression

    INT_LITERAL     偏移，并进入状态 1
    DOUBLE_LITERAL  偏移，并进入状态 2
    STRING_LITERAL  偏移，并进入状态 3
    IDENTIFIER      偏移，并进入状态 4
    NULL_T          偏移，并进入状态 12
    LP              偏移，并进入状态 13
    LC              偏移，并进入状态 14
    SUB             偏移，并进入状态 15
    TRUE_T          偏移，并进入状态 16
    FALSE_T         偏移，并进入状态 17

    expression                 转到状态 105
    logical_or_expression      转到状态 23
    logical_and_expression     转到状态 24
    equality_expression        转到状态 25
    relational_expression      转到状态 26
    additive_expression        转到状态 27
    multiplicative_expression  转到状态 28
    unary_expression           转到状态 29
    postfix_expression         转到状态 30
    primary_expression         转到状态 31
    array_literal              转到状态 32


状态 75

   38 postfix_expression: postfix_expression DOT . IDENTIFIER LP argument_list RP
   39                   | postfix_expression DOT . IDENTIFIER LP RP

    IDENTIFIER  偏移，并进入状态 106


状态 76

   40 postfix_expression: postfix_expression INCREMENT .

    $default  使用规则 40 以归约 (postfix_expression)


状态 77

   41 postfix_expression: postfix_expression DECREMENT .

    $default  使用规则 41 以归约 (postfix_expression)


状态 78

   43 primary_expression: IDENTIFIER LP RP .

    $default  使用规则 43 以归约 (primary_expression)


状态 79

   10 argument_list: argument_list . COMMA expression
   42 primary_expression: IDENTIFIER LP argument_list . RP

    RP     偏移，并进入状态 107
    COMMA  偏移，并进入状态 108


状态 80

    9 argument_list: expression .

    $default  使用规则 9 以归约 (argument_list)


状态 81

    5 function_definition: FUNCTION IDENTIFIER LP . parameter_list RP block
    6                    | FUNCTION IDENTIFIER LP . RP block

    IDENTIFIER  偏移，并进入状态 109
    RP          偏移，并进入状态 110

    parameter_list  转到状态 111


状态 82

   69 if_statement: IF LP expression . RP block
   70             | IF LP expression . RP block ELSE block
   71             | IF LP expression . RP block elsif_list
   72             | IF LP expression . RP block elsif_list ELSE block

    RP  偏移，并进入状态 112


状态 83

   76 while_statement: WHILE LP expression . RP block

    RP  偏移，并进入状态 113


状态 84

   77 for_statement: FOR LP expression_opt . SEMICOLON expression_opt SEMICOLON expression_opt RP block

    SEMICOLON  偏移，并进入状态 114


状态 85

   80 return_statement: RETURN_T expression_opt SEMICOLON .

    $default  使用规则 80 以归约 (return_statement)


状态 86

   44 primary_expression: LP expression RP .

    $default  使用规则 44 以归约 (primary_expression)


状态 87

   53 array_literal: LC expression_list RC .

    $default  使用规则 53 以归约 (array_literal)


状态 88

   54 array_literal: LC expression_list COMMA . RC
   57 expression_list: expression_list COMMA . expression

    INT_LITERAL     偏移，并进入状态 1
    DOUBLE_LITERAL  偏移，并进入状态 2
    STRING_LITERAL  偏移，并进入状态 3
    IDENTIFIER      偏移，并进入状态 4
    NULL_T          偏移，并进入状态 12
    LP              偏移，并进入状态 13
    LC              偏移，并进入状态 14
    RC              偏移，并进入状态 115
    SUB             偏移，并进入状态 15
    TRUE_T          偏移，并进入状态 16
    FALSE_T         偏移，并进入状态 17

    expression                 转到状态 116
    logical_or_expression      转到状态 23
    logical_and_expression     转到状态 24
    equality_expression        转到状态 25
    relational_expression      转到状态 26
    additive_expression        转到状态 27
    multiplicative_expression  转到状态 28
    unary_expression           转到状态 29
    postfix_expression         转到状态 30
    primary_expression         转到状态 31
    array_literal              转到状态 32


状态 89

   66 global_statement: GLOBAL_T identifier_list SEMICOLON .

    $default  使用规则 66 以归约 (global_statement)


状态 90

   68 identifier_list: identifier_list COMMA . IDENTIFIER

    IDENTIFIER  偏移，并进入状态 117


状态 91

   16 logical_or_expression: logical_or_expression LOGICAL_OR logical_and_expression .
   18 logical_and_expression: logical_and_expression . LOGICAL_AND equality_expression

    LOGICAL_AND  偏移，并进入状态 61

    $default  使用规则 16 以归约 (logical_or_expression)


状态 92

   18 logical_and_expression: logical_and_expression LOGICAL_AND equality_expression .
   20 equality_expression: equality_expression . EQ relational_expression
   21                    | equality_expression . NE relational_expression

    EQ  偏移，并进入状态 62
    NE  偏移，并进入状态 63

    $default  使用规则 18 以归约 (logical_and_expression)


状态 93

   20 equality_expression: equality_expression EQ relational_expression .
   23 relational_expression: relational_expression . GT additive_expression
   24                      | relational_expression . GE additive_expression
   25                      | relational_expression . LT additive_expression
   26                      | relational_expression . LE additive_expression

    GT  偏移，并进入状态 64
    GE  偏移，并进入状态 65
    LT  偏移，并进入状态 66
    LE  偏移，并进入状态 67

    $default  使用规则 20 以归约 (equality_expression)


状态 94

   21 equality_expression: equality_expression NE relational_expression .
   23 relational_expression: relational_expression . GT additive_expression
   24                      | relational_expression . GE additive_expression
   25                      | relational_expression . LT additive_expression
   26                      | relational_expression . LE additive_expression

    GT  偏移，并进入状态 64
    GE  偏移，并进入状态 65
    LT  偏移，并进入状态 66
    LE  偏移，并进入状态 67

    $default  使用规则 21 以归约 (equality_expression)


状态 95

   23 relational_expression: relational_expression GT additive_expression .
   28 additive_expression: additive_expression . ADD multiplicative_expression
   29                    | additive_expression . SUB multiplicative_expression

    ADD  偏移，并进入状态 68
    SUB  偏移，并进入状态 69

    $default  使用规则 23 以归约 (relational_expression)


状态 96

   24 relational_expression: relational_expression GE additive_expression .
   28 additive_expression: additive_expression . ADD multiplicative_expression
   29                    | additive_expression . SUB multiplicative_expression

    ADD  偏移，并进入状态 68
    SUB  偏移，并进入状态 69

    $default  使用规则 24 以归约 (relational_expression)


状态 97

   25 relational_expression: relational_expression LT additive_expression .
   28 additive_expression: additive_expression . ADD multiplicative_expression
   29                    | additive_expression . SUB multiplicative_expression

    ADD  偏移，并进入状态 68
    SUB  偏移，并进入状态 69

    $default  使用规则 25 以归约 (relational_expression)


状态 98

   26 relational_expression: relational_expression LE additive_expression .
   28 additive_expression: additive_expression . ADD multiplicative_expression
   29                    | additive_expression . SUB multiplicative_expression

    ADD  偏移，并进入状态 68
    SUB  偏移，并进入状态 69

    $default  使用规则 26 以归约 (relational_expression)


状态 99

   28 additive_expression: additive_expression ADD multiplicative_expression .
   31 multiplicative_expression: multiplicative_expression . MUL unary_expression
   32                          | multiplicative_expression . DIV unary_expression
   33                          | multiplicative_expression . MOD unary_expression

    MUL  偏移，并进入状态 70
    DIV  偏移，并进入状态 71
    MOD  偏移，并进入状态 72

    $default  使用规则 28 以归约 (additive_expression)


状态 100

   29 additive_expression: additive_expression SUB multiplicative_expression .
   31 multiplicative_expression: multiplicative_expression . MUL unary_expression
   32                          | multiplicative_expression . DIV unary_expression
   33                          | multiplicative_expression . MOD unary_expression

    MUL  偏移，并进入状态 70
    DIV  偏移，并进入状态 71
    MOD  偏移，并进入状态 72

    $default  使用规则 29 以归约 (additive_expression)


状态 101

   31 multiplicative_expression: multiplicative_expression MUL unary_expression .

    $default  使用规则 31 以归约 (multiplicative_expression)


状态 102

   32 multiplicative_expression: multiplicative_expression DIV unary_expression .

    $default  使用规则 32 以归约 (multiplicative_expression)


状态 103

   33 multiplicative_expression: multiplicative_expression MOD unary_expression .

    $default  使用规则 33 以归约 (multiplicative_expression)


状态 104

   37 postfix_expression: postfix_expression LB expression . RB

    RB  偏移，并进入状态 118


状态 105

   14 expression: postfix_expression ASSIGN expression .

    $default  使用规则 14 以归约 (expression)


状态 106

   38 postfix_expression: postfix_expression DOT IDENTIFIER . LP argument_list RP
   39                   | postfix_expression DOT IDENTIFIER . LP RP

    LP  偏移，并进入状态 119


状态 107

   42 primary_expression: IDENTIFIER LP argument_list RP .

    $default  使用规则 42 以归约 (primary_expression)


状态 108

   10 argument_list: argument_list COMMA . expression

    INT_LITERAL     偏移，并进入状态 1
    DOUBLE_LITERAL  偏移，并进入状态 2
    STRING_LITERAL  偏移，并进入状态 3
    IDENTIFIER      偏移，并进入状态 4
    NULL_T          偏移，并进入状态 12
    LP              偏移，并进入状态 13
    LC              偏移，并进入状态 14
    SUB             偏移，并进入状态 15
    TRUE_T          偏移，并进入状态 16
    FALSE_T         偏移，并进入状态 17

    expression                 转到状态 120
    logical_or_expression      转到状态 23
    logical_and_expression     转到状态 24
    equality_expression        转到状态 25
    relational_expression      转到状态 26
    additive_expression        转到状态 27
    multiplicative_expression  转到状态 28
    unary_expression           转到状态 29
    postfix_expression         转到状态 30
    primary_expression         转到状态 31
    array_literal              转到状态 32


状态 109

    7 parameter_list: IDENTIFIER .

    $default  使用规则 7 以归约 (parameter_list)


状态 110

    6 function_definition: FUNCTION IDENTIFIER LP RP . block

    LC  偏移，并进入状态 121

    block  转到状态 122


状态 111

    5 function_definition: FUNCTION IDENTIFIER LP parameter_list . RP block
    8 parameter_list: parameter_list . COMMA IDENTIFIER

    RP     偏移，并进入状态 123
    COMMA  偏移，并进入状态 124


状态 112

   69 if_statement: IF LP expression RP . block
   70             | IF LP expression RP . block ELSE block
   71             | IF LP expression RP . block elsif_list
   72             | IF LP expression RP . block elsif_list ELSE block

    LC  偏移，并进入状态 121

    block  转到状态 125


状态 113

   76 while_statement: WHILE LP expression RP . block

    LC  偏移，并进入状态 121

    block  转到状态 126


状态 114

   77 for_statement: FOR LP expression_opt SEMICOLON . expression_opt SEMICOLON expression_opt RP block

    INT_LITERAL     偏移，并进入状态 1
    DOUBLE_LITERAL  偏移，并进入状态 2
    STRING_LITERAL  偏移，并进入状态 3
    IDENTIFIER      偏移，并进入状态 4
    NULL_T          偏移，并进入状态 12
    LP              偏移，并进入状态 13
    LC              偏移，并进入状态 14
    SUB             偏移，并进入状态 15
    TRUE_T          偏移，并进入状态 16
    FALSE_T         偏移，并进入状态 17

    $default  使用规则 78 以归约 (expression_opt)

    expression                 转到状态 46
    logical_or_expression      转到状态 23
    logical_and_expression     转到状态 24
    equality_expression        转到状态 25
    relational_expression      转到状态 26
    additive_expression        转到状态 27
    multiplicative_expression  转到状态 28
    unary_expression           转到状态 29
    postfix_expression         转到状态 30
    primary_expression         转到状态 31
    array_literal              转到状态 32
    expression_opt             转到状态 127


状态 115

   54 array_literal: LC expression_list COMMA RC .

    $default  使用规则 54 以归约 (array_literal)


状态 116

   57 expression_list: expression_list COMMA expression .

    $default  使用规则 57 以归约 (expression_list)


状态 117

   68 identifier_list: identifier_list COMMA IDENTIFIER .

    $default  使用规则 68 以归约 (identifier_list)


状态 118

   37 postfix_expression: postfix_expression LB expression RB .

    $default  使用规则 37 以归约 (postfix_expression)


状态 119

   38 postfix_expression: postfix_expression DOT IDENTIFIER LP . argument_list RP
   39                   | postfix_expression DOT IDENTIFIER LP . RP

    INT_LITERAL     偏移，并进入状态 1
    DOUBLE_LITERAL  偏移，并进入状态 2
    STRING_LITERAL  偏移，并进入状态 3
    IDENTIFIER      偏移，并进入状态 4
    NULL_T          偏移，并进入状态 12
    LP              偏移，并进入状态 13
    RP              偏移，并进入状态 128
    LC              偏移，并进入状态 14
    SUB             偏移，并进入状态 15
    TRUE_T          偏移，并进入状态 16
    FALSE_T         偏移，并进入状态 17

    argument_list              转到状态 129
    expression                 转到状态 80
    logical_or_expression      转到状态 23
    logical_and_expression     转到状态 24
    equality_expression        转到状态 25
    relational_expression      转到状态 26
    additive_expression        转到状态 27
    multiplicative_expression  转到状态 28
    unary_expression           转到状态 29
    postfix_expression         转到状态 30
    primary_expression         转到状态 31
    array_literal              转到状态 32


状态 120

   10 argument_list: argument_list COMMA expression .

    $default  使用规则 10 以归约 (argument_list)


状态 121

   83 block: LC . statement_list RC
   84      | LC . RC

    INT_LITERAL     偏移，并进入状态 1
    DOUBLE_LITERAL  偏移，并进入状态 2
    STRING_LITERAL  偏移，并进入状态 3
    IDENTIFIER      偏移，并进入状态 4
    IF              偏移，并进入状态 6
    WHILE           偏移，并进入状态 7
    FOR             偏移，并进入状态 8
    RETURN_T        偏移，并进入状态 9
    BREAK           偏移，并进入状态 10
    CONTINUE        偏移，并进入状态 11
    NULL_T          偏移，并进入状态 12
    LP              偏移，并进入状态 13
    LC              偏移，并进入状态 14
    RC              偏移，并进入状态 130
    SUB             偏移，并进入状态 15
    TRUE_T          偏移，并进入状态 16
    FALSE_T         偏移，并进入状态 17
    GLOBAL_T        偏移，并进入状态 18

    statement_list             转到状态 131
    expression                 转到状态 22
    logical_or_expression      转到状态 23
    logical_and_expression     转到状态 24
    equality_expression        转到状态 25
    relational_expression      转到状态 26
    additive_expression        转到状态 27
    multiplicative_expression  转到状态 28
    unary_expression           转到状态 29
    postfix_expression         转到状态 30
    primary_expression         转到状态 31
    array_literal              转到状态 32
    statement                  转到状态 132
    global_statement           转到状态 34
    if_statement               转到状态 35
    while_statement            转到状态 36
    for_statement              转到状态 37
    return_statement           转到状态 38
    break_statement            转到状态 39
    continue_statement         转到状态 40


状态 122

    6 function_definition: FUNCTION IDENTIFIER LP RP block .

    $default  使用规则 6 以归约 (function_definition)


状态 123

    5 function_definition: FUNCTION IDENTIFIER LP parameter_list RP . block

    LC  偏移，并进入状态 121

    block  转到状态 133


状态 124

    8 parameter_list: parameter_list COMMA . IDENTIFIER

    IDENTIFIER  偏移，并进入状态 134


状态 125

   69 if_statement: IF LP expression RP block .
   70             | IF LP expression RP block . ELSE block
   71             | IF LP expression RP block . elsif_list
   72             | IF LP expression RP block . elsif_list ELSE block

    ELSE   偏移，并进入状态 135
    ELSIF  偏移，并进入状态 136

    $default  使用规则 69 以归约 (if_statement)

    elsif_list  转到状态 137
    elsif       转到状态 138


状态 126

   76 while_statement: WHILE LP expression RP block .

    $default  使用规则 76 以归约 (while_statement)


状态 127

   77 for_statement: FOR LP expression_opt SEMICOLON expression_opt . SEMICOLON expression_opt RP block

    SEMICOLON  偏移，并进入状态 139


状态 128

   39 postfix_expression: postfix_expression DOT IDENTIFIER LP RP .

    $default  使用规则 39 以归约 (postfix_expression)


状态 129

   10 argument_list: argument_list . COMMA expression
   38 postfix_expression: postfix_expression DOT IDENTIFIER LP argument_list . RP

    RP     偏移，并进入状态 140
    COMMA  偏移，并进入状态 108


状态 130

   84 block: LC RC .

    $default  使用规则 84 以归约 (block)


状态 131

   12 statement_list: statement_list . statement
   83 block: LC statement_list . RC

    INT_LITERAL     偏移，并进入状态 1
    DOUBLE_LITERAL  偏移，并进入状态 2
    STRING_LITERAL  偏移，并进入状态 3
    IDENTIFIER      偏移，并进入状态 4
    IF              偏移，并进入状态 6
    WHILE           偏移，并进入状态 7
    FOR             偏移，并进入状态 8
    RETURN_T        偏移，并进入状态 9
    BREAK           偏移，并进入状态 10
    CONTINUE        偏移，并进入状态 11
    NULL_T          偏移，并进入状态 12
    LP              偏移，并进入状态 13
    LC              偏移，并进入状态 14
    RC              偏移，并进入状态 141
    SUB             偏移，并进入状态 15
    TRUE_T          偏移，并进入状态 16
    FALSE_T         偏移，并进入状态 17
    GLOBAL_T        偏移，并进入状态 18

    expression                 转到状态 22
    logical_or_expression      转到状态 23
    logical_and_expression     转到状态 24
    equality_expression        转到状态 25
    relational_expression      转到状态 26
    additive_expression        转到状态 27
    multiplicative_expression  转到状态 28
    unary_expression           转到状态 29
    postfix_expression         转到状态 30
    primary_expression         转到状态 31
    array_literal              转到状态 32
    statement                  转到状态 142
    global_statement           转到状态 34
    if_statement               转到状态 35
    while_statement            转到状态 36
    for_statement              转到状态 37
    return_statement           转到状态 38
    break_statement            转到状态 39
    continue_statement         转到状态 40


状态 132

   11 statement_list: statement .

    $default  使用规则 11 以归约 (statement_list)


状态 133

    5 function_definition: FUNCTION IDENTIFIER LP parameter_list RP block .

    $default  使用规则 5 以归约 (function_definition)


状态 134

    8 parameter_list: parameter_list COMMA IDENTIFIER .

    $default  使用规则 8 以归约 (parameter_list)


状态 135

   70 if_statement: IF LP expression RP block ELSE . block

    LC  偏移，并进入状态 121

    block  转到状态 143


状态 136

   75 elsif: ELSIF . LP expression RP block

    LP  偏移，并进入状态 144


状态 137

   71 if_statement: IF LP expression RP block elsif_list .
   72             | IF LP expression RP block elsif_list . ELSE block
   74 elsif_list: elsif_list . elsif

    ELSE   偏移，并进入状态 145
    ELSIF  偏移，并进入状态 136

    $default  使用规则 71 以归约 (if_statement)

    elsif  转到状态 146


状态 138

   73 elsif_list: elsif .

    $default  使用规则 73 以归约 (elsif_list)


状态 139

   77 for_statement: FOR LP expression_opt SEMICOLON expression_opt SEMICOLON . expression_opt RP block

    INT_LITERAL     偏移，并进入状态 1
    DOUBLE_LITERAL  偏移，并进入状态 2
    STRING_LITERAL  偏移，并进入状态 3
    IDENTIFIER      偏移，并进入状态 4
    NULL_T          偏移，并进入状态 12
    LP              偏移，并进入状态 13
    LC              偏移，并进入状态 14
    SUB             偏移，并进入状态 15
    TRUE_T          偏移，并进入状态 16
    FALSE_T         偏移，并进入状态 17

    $default  使用规则 78 以归约 (expression_opt)

    expression                 转到状态 46
    logical_or_expression      转到状态 23
    logical_and_expression     转到状态 24
    equality_expression        转到状态 25
    relational_expression      转到状态 26
    additive_expression        转到状态 27
    multiplicative_expression  转到状态 28
    unary_expression           转到状态 29
    postfix_expression         转到状态 30
    primary_expression         转到状态 31
    array_literal              转到状态 32
    expression_opt             转到状态 147


状态 140

   38 postfix_expression: postfix_expression DOT IDENTIFIER LP argument_list RP .

    $default  使用规则 38 以归约 (postfix_expression)


状态 141

   83 block: LC statement_list RC .

    $default  使用规则 83 以归约 (block)


状态 142

   12 statement_list: statement_list statement .

    $default  使用规则 12 以归约 (statement_list)


状态 143

   70 if_statement: IF LP expression RP block ELSE block .

    $default  使用规则 70 以归约 (if_statement)


状态 144

   75 elsif: ELSIF LP . expression RP block

    INT_LITERAL     偏移，并进入状态 1
    DOUBLE_LITERAL  偏移，并进入状态 2
    STRING_LITERAL  偏移，并进入状态 3
    IDENTIFIER      偏移，并进入状态 4
    NULL_T          偏移，并进入状态 12
    LP              偏移，并进入状态 13
    LC              偏移，并进入状态 14
    SUB             偏移，并进入状态 15
    TRUE_T          偏移，并进入状态 16
    FALSE_T         偏移，并进入状态 17

    expression                 转到状态 148
    logical_or_expression      转到状态 23
    logical_and_expression     转到状态 24
    equality_expression        转到状态 25
    relational_expression      转到状态 26
    additive_expression        转到状态 27
    multiplicative_expression  转到状态 28
    unary_expression           转到状态 29
    postfix_expression         转到状态 30
    primary_expression         转到状态 31
    array_literal              转到状态 32


状态 145

   72 if_statement: IF LP expression RP block elsif_list ELSE . block

    LC  偏移，并进入状态 121

    block  转到状态 149


状态 146

   74 elsif_list: elsif_list elsif .

    $default  使用规则 74 以归约 (elsif_list)


状态 147

   77 for_statement: FOR LP expression_opt SEMICOLON expression_opt SEMICOLON expression_opt . RP block

    RP  偏移，并进入状态 150


状态 148

   75 elsif: ELSIF LP expression . RP block

    RP  偏移，并进入状态 151


状态 149

   72 if_statement: IF LP expression RP block elsif_list ELSE block .

    $default  使用规则 72 以归约 (if_statement)


状态 150

   77 for_statement: FOR LP expression_opt SEMICOLON expression_opt SEMICOLON expression_opt RP . block

    LC  偏移，并进入状态 121

    block  转到状态 152


状态 151

   75 elsif: ELSIF LP expression RP . block

    LC  偏移，并进入状态 121

    block  转到状态 153


状态 152

   77 for_statement: FOR LP expression_opt SEMICOLON expression_opt SEMICOLON expression_opt RP block .

    $default  使用规则 77 以归约 (for_statement)


状态 153

   75 elsif: ELSIF LP expression RP block .

    $default  使用规则 75 以归约 (elsif)
